10:33:22,980 INFO [org.springframework.web.context.ContextLoader] - Root WebApplicationContext: initialization started
10:33:23,056 INFO [org.springframework.web.context.support.XmlWebApplicationContext] - Refreshing Root WebApplicationContext: startup date [Tue Jan 05 10:33:23 CST 2016]; root of context hierarchy
10:33:23,089 INFO [org.springframework.beans.factory.xml.XmlBeanDefinitionReader] - Loading XML bean definitions from class path resource [spring.xml]
10:33:23,284 INFO [org.springframework.beans.factory.xml.XmlBeanDefinitionReader] - Loading XML bean definitions from class path resource [spring-sys.xml]
10:33:23,302 INFO [org.springframework.beans.factory.xml.XmlBeanDefinitionReader] - Loading XML bean definitions from class path resource [spring-tx.xml]
10:33:23,340 INFO [org.springframework.beans.factory.xml.XmlBeanDefinitionReader] - Loading XML bean definitions from class path resource [spring-aop.xml]
10:33:23,508 INFO [org.springframework.beans.factory.config.PropertiesFactoryBean] - Loading properties file from class path resource [jdbc.properties]
10:33:23,508 INFO [org.springframework.beans.factory.config.PropertiesFactoryBean] - Loading properties file from class path resource [redis.properties]
10:33:23,508 INFO [org.springframework.beans.factory.config.PropertiesFactoryBean] - Loading properties file from class path resource [upyun.properties]
10:33:23,508 INFO [org.springframework.beans.factory.config.PropertiesFactoryBean] - Loading properties file from class path resource [ytx.properties]
10:33:23,531 INFO [org.springframework.beans.factory.annotation.AutowiredAnnotationBeanPostProcessor] - JSR-330 'javax.inject.Inject' annotation found and supported for autowiring
10:33:23,533 INFO [org.springframework.beans.factory.annotation.AutowiredAnnotationBeanPostProcessor] - JSR-330 'javax.inject.Inject' annotation found and supported for autowiring
10:33:23,869 INFO [com.mchange.v2.log.MLog] - MLog clients using log4j logging.
10:33:23,895 INFO [com.mchange.v2.c3p0.C3P0Registry] - Initializing c3p0-0.9.2.1 [built 20-March-2013 10:47:27 +0000; debug? true; trace: 10]
10:33:24,554 INFO [org.springframework.web.context.ContextLoader] - Root WebApplicationContext: initialization completed in 1570 ms
10:33:24,598 INFO [org.springframework.web.servlet.DispatcherServlet] - FrameworkServlet 'spring': initialization started
10:33:24,601 INFO [org.springframework.web.context.support.XmlWebApplicationContext] - Refreshing WebApplicationContext for namespace 'spring-servlet': startup date [Tue Jan 05 10:33:24 CST 2016]; parent: Root WebApplicationContext
10:33:24,601 INFO [org.springframework.beans.factory.xml.XmlBeanDefinitionReader] - Loading XML bean definitions from class path resource [spring-mvc.xml]
10:33:24,731 INFO [org.springframework.beans.factory.annotation.AutowiredAnnotationBeanPostProcessor] - JSR-330 'javax.inject.Inject' annotation found and supported for autowiring
10:33:24,883 INFO [org.springframework.web.servlet.mvc.method.annotation.RequestMappingHandlerMapping] - Mapped "{[/qiyefuwu],methods=[],params=[],headers=[],consumes=[],produces=[],custom=[]}" onto public java.lang.String com.gaoding.h5.controller.activity.ActivityController.index()
10:33:24,885 INFO [org.springframework.web.servlet.mvc.method.annotation.RequestMappingHandlerMapping] - Mapped "{[/ajax/address],methods=[GET],params=[],headers=[],consumes=[],produces=[],custom=[]}" onto public java.lang.String com.gaoding.h5.controller.common.ajax.AddressController.allAddress()
10:33:24,885 INFO [org.springframework.web.servlet.mvc.method.annotation.RequestMappingHandlerMapping] - Mapped "{[/ajax/industry],methods=[GET],params=[],headers=[],consumes=[],produces=[],custom=[]}" onto public java.lang.String com.gaoding.h5.controller.common.ajax.IndustryController.allIndustry()
10:33:24,886 INFO [org.springframework.web.servlet.mvc.method.annotation.RequestMappingHandlerMapping] - Mapped "{[/consult/list],methods=[],params=[],headers=[],consumes=[],produces=[],custom=[]}" onto public java.lang.String com.gaoding.h5.controller.consult.ConsultController.list(javax.servlet.http.HttpServletRequest,javax.servlet.http.HttpServletResponse)
10:33:24,886 INFO [org.springframework.web.servlet.mvc.method.annotation.RequestMappingHandlerMapping] - Mapped "{[/consult/{consultId}],methods=[],params=[],headers=[],consumes=[],produces=[],custom=[]}" onto public java.lang.String com.gaoding.h5.controller.consult.ConsultController.detail(javax.servlet.http.HttpServletRequest,javax.servlet.http.HttpServletResponse,int)
10:33:24,886 INFO [org.springframework.web.servlet.mvc.method.annotation.RequestMappingHandlerMapping] - Mapped "{[/consult/reply/{consultId}],methods=[POST],params=[],headers=[],consumes=[],produces=[],custom=[]}" onto public java.lang.String com.gaoding.h5.controller.consult.ConsultController.reply(javax.servlet.http.HttpServletRequest,int,java.lang.String)
10:33:24,887 INFO [org.springframework.web.servlet.mvc.method.annotation.RequestMappingHandlerMapping] - Mapped "{[/consult/seller],methods=[],params=[],headers=[],consumes=[],produces=[],custom=[]}" onto public java.lang.String com.gaoding.h5.controller.consult.ConsultController.seller(javax.servlet.http.HttpServletRequest,javax.servlet.http.HttpServletResponse)
10:33:24,887 INFO [org.springframework.web.servlet.mvc.method.annotation.RequestMappingHandlerMapping] - Mapped "{[/error],methods=[],params=[],headers=[],consumes=[],produces=[],custom=[]}" onto public java.lang.String com.gaoding.h5.controller.exception.ExceptionController.error()
10:33:24,889 INFO [org.springframework.web.servlet.mvc.method.annotation.RequestMappingHandlerMapping] - Mapped "{[/fuwu/case/{fuwuCaseId}],methods=[],params=[],headers=[],consumes=[],produces=[],custom=[]}" onto public java.lang.String com.gaoding.h5.controller.fuwu.FuwuCaseController.detail(org.springframework.ui.ModelMap,int)
10:33:24,889 INFO [org.springframework.web.servlet.mvc.method.annotation.RequestMappingHandlerMapping] - Mapped "{[/fuwu/{fuwuId}/collect],methods=[POST],params=[],headers=[],consumes=[],produces=[],custom=[]}" onto public java.lang.String com.gaoding.h5.controller.fuwu.FuwuCollectionController.collect(javax.servlet.http.HttpServletRequest,int)
10:33:24,889 INFO [org.springframework.web.servlet.mvc.method.annotation.RequestMappingHandlerMapping] - Mapped "{[/index],methods=[],params=[],headers=[],consumes=[],produces=[],custom=[]}" onto public java.lang.String com.gaoding.h5.controller.fuwu.FuwuController.index(org.springframework.ui.ModelMap)
10:33:24,889 INFO [org.springframework.web.servlet.mvc.method.annotation.RequestMappingHandlerMapping] - Mapped "{[/fuwu/{fuwuId}],methods=[],params=[],headers=[],consumes=[],produces=[],custom=[]}" onto public java.lang.String com.gaoding.h5.controller.fuwu.FuwuController.detail(javax.servlet.http.HttpServletRequest,javax.servlet.http.HttpServletResponse,int)
10:33:24,890 INFO [org.springframework.web.servlet.mvc.method.annotation.RequestMappingHandlerMapping] - Mapped "{[/fuwu/{fuwuId}/detail],methods=[],params=[],headers=[],consumes=[],produces=[],custom=[]}" onto public java.lang.String com.gaoding.h5.controller.fuwu.FuwuController.detailDetail(javax.servlet.http.HttpServletRequest,javax.servlet.http.HttpServletResponse,int)
10:33:24,890 INFO [org.springframework.web.servlet.mvc.method.annotation.RequestMappingHandlerMapping] - Mapped "{[/fuwu/industry/{industryId}],methods=[],params=[],headers=[],consumes=[],produces=[],custom=[]}" onto public java.lang.String com.gaoding.h5.controller.fuwu.FuwuListController.fuwuList(javax.servlet.http.HttpServletRequest,int)
10:33:24,891 INFO [org.springframework.web.servlet.mvc.method.annotation.RequestMappingHandlerMapping] - Mapped "{[/login],methods=[GET],params=[],headers=[],consumes=[],produces=[],custom=[]}" onto public java.lang.String com.gaoding.h5.controller.login.LoginController.loginView(javax.servlet.http.HttpServletRequest)
10:33:24,891 INFO [org.springframework.web.servlet.mvc.method.annotation.RequestMappingHandlerMapping] - Mapped "{[/login],methods=[POST],params=[],headers=[],consumes=[],produces=[],custom=[]}" onto public java.lang.String com.gaoding.h5.controller.login.LoginController.login(javax.servlet.http.HttpServletRequest,javax.servlet.http.HttpServletResponse)
10:33:24,891 INFO [org.springframework.web.servlet.mvc.method.annotation.RequestMappingHandlerMapping] - Mapped "{[/logout],methods=[],params=[],headers=[],consumes=[],produces=[],custom=[]}" onto public java.lang.String com.gaoding.h5.controller.login.LoginController.logout(javax.servlet.http.HttpServletRequest,javax.servlet.http.HttpServletResponse)
10:33:24,891 INFO [org.springframework.web.servlet.mvc.method.annotation.RequestMappingHandlerMapping] - Mapped "{[/ajax/send/code],methods=[],params=[],headers=[],consumes=[],produces=[],custom=[]}" onto public java.lang.String com.gaoding.h5.controller.login.LoginController.sendVerificationCode(javax.servlet.http.HttpServletRequest)
10:33:24,911 INFO [org.springframework.web.servlet.mvc.method.annotation.RequestMappingHandlerMapping] - Mapped "{[/attend/index],methods=[],params=[],headers=[],consumes=[],produces=[],custom=[]}" onto public java.lang.String com.gaoding.h5.controller.member.AttendMemberController.index()
10:33:24,911 INFO [org.springframework.web.servlet.mvc.method.annotation.RequestMappingHandlerMapping] - Mapped "{[/attend/attend],methods=[],params=[],headers=[],consumes=[],produces=[],custom=[]}" onto public java.lang.String com.gaoding.h5.controller.member.AttendMemberController.attend(com.gaoding.domain.po.member.AttendMember)
10:33:24,912 INFO [org.springframework.web.servlet.mvc.method.annotation.RequestMappingHandlerMapping] - Mapped "{[/member/balance/detail],methods=[],params=[],headers=[],consumes=[],produces=[],custom=[]}" onto public java.lang.String com.gaoding.h5.controller.member.MemberAccountController.balanceList(javax.servlet.http.HttpServletRequest,int)
10:33:24,912 INFO [org.springframework.web.servlet.mvc.method.annotation.RequestMappingHandlerMapping] - Mapped "{[/member/balance],methods=[],params=[],headers=[],consumes=[],produces=[],custom=[]}" onto public java.lang.String com.gaoding.h5.controller.member.MemberAccountController.balance(javax.servlet.http.HttpServletRequest)
10:33:24,912 INFO [org.springframework.web.servlet.mvc.method.annotation.RequestMappingHandlerMapping] - Mapped "{[/member/apply/seller],methods=[],params=[],headers=[],consumes=[],produces=[],custom=[]}" onto public java.lang.String com.gaoding.h5.controller.member.MemberApplySellerController.applySeller(javax.servlet.http.HttpServletRequest)
10:33:24,913 INFO [org.springframework.web.servlet.mvc.method.annotation.RequestMappingHandlerMapping] - Mapped "{[/store/collection],methods=[GET],params=[],headers=[],consumes=[],produces=[],custom=[]}" onto public java.lang.String com.gaoding.h5.controller.member.MemberCollectionController.collectionStoreList(javax.servlet.http.HttpServletRequest)
10:33:24,913 INFO [org.springframework.web.servlet.mvc.method.annotation.RequestMappingHandlerMapping] - Mapped "{[/fuwu/collection],methods=[GET],params=[],headers=[],consumes=[],produces=[],custom=[]}" onto public java.lang.String com.gaoding.h5.controller.member.MemberCollectionController.collectionFuwuList(javax.servlet.http.HttpServletRequest)
10:33:24,913 INFO [org.springframework.web.servlet.mvc.method.annotation.RequestMappingHandlerMapping] - Mapped "{[/member/me],methods=[GET],params=[],headers=[],consumes=[],produces=[],custom=[]}" onto public java.lang.String com.gaoding.h5.controller.member.MemberController.meView(javax.servlet.http.HttpServletRequest)
10:33:24,914 INFO [org.springframework.web.servlet.mvc.method.annotation.RequestMappingHandlerMapping] - Mapped "{[/member/profile],methods=[GET],params=[],headers=[],consumes=[],produces=[],custom=[]}" onto public java.lang.String com.gaoding.h5.controller.member.MemberProfileController.profile(javax.servlet.http.HttpServletRequest)
10:33:24,914 INFO [org.springframework.web.servlet.mvc.method.annotation.RequestMappingHandlerMapping] - Mapped "{[/member/save/profile],methods=[POST],params=[],headers=[],consumes=[],produces=[],custom=[]}" onto public java.lang.String com.gaoding.h5.controller.member.MemberProfileController.saveProfile(javax.servlet.http.HttpServletRequest)
10:33:24,915 INFO [org.springframework.web.servlet.mvc.method.annotation.RequestMappingHandlerMapping] - Mapped "{[/order/{orderNo}/generate],methods=[POST],params=[],headers=[],consumes=[],produces=[],custom=[]}" onto public java.lang.String com.gaoding.h5.controller.order.BuildOrderController.post(javax.servlet.http.HttpServletRequest,java.lang.String)
10:33:24,915 INFO [org.springframework.web.servlet.mvc.method.annotation.RequestMappingHandlerMapping] - Mapped "{[/order/fuwu/{fuwuId}/buy],methods=[GET],params=[],headers=[],consumes=[],produces=[],custom=[]}" onto public java.lang.String com.gaoding.h5.controller.order.BuildOrderController.fillInfoView(javax.servlet.http.HttpServletRequest,int)
10:33:24,915 INFO [org.springframework.web.servlet.mvc.method.annotation.RequestMappingHandlerMapping] - Mapped "{[/order/{orderNo}/generate],methods=[GET],params=[],headers=[],consumes=[],produces=[],custom=[]}" onto public java.lang.String com.gaoding.h5.controller.order.BuildOrderController.buildOrderView(javax.servlet.http.HttpServletRequest,java.lang.String)
10:33:24,915 INFO [org.springframework.web.servlet.mvc.method.annotation.RequestMappingHandlerMapping] - Mapped "{[/order/{orderNo}/buyer/confirm],methods=[],params=[],headers=[],consumes=[],produces=[],custom=[]}" onto public java.lang.String com.gaoding.h5.controller.order.BuyerHandleOrderController.buyerConfirm(javax.servlet.http.HttpServletRequest,java.lang.String)
10:33:24,915 INFO [org.springframework.web.servlet.mvc.method.annotation.RequestMappingHandlerMapping] - Mapped "{[/order/{orderNo}/comment],methods=[POST],params=[],headers=[],consumes=[],produces=[],custom=[]}" onto public java.lang.String com.gaoding.h5.controller.order.OrderCommentController.comment(javax.servlet.http.HttpServletRequest,java.lang.String)
10:33:24,916 INFO [org.springframework.web.servlet.mvc.method.annotation.RequestMappingHandlerMapping] - Mapped "{[/order/{orderNo}/comment],methods=[GET],params=[],headers=[],consumes=[],produces=[],custom=[]}" onto public java.lang.String com.gaoding.h5.controller.order.OrderCommentController.commentView(javax.servlet.http.HttpServletRequest,java.lang.String)
10:33:24,916 INFO [org.springframework.web.servlet.mvc.method.annotation.RequestMappingHandlerMapping] - Mapped "{[/order/{orderNo}/detail],methods=[GET],params=[],headers=[],consumes=[],produces=[],custom=[]}" onto public java.lang.String com.gaoding.h5.controller.order.OrderDetailController.orderDetail(javax.servlet.http.HttpServletRequest,java.lang.String,boolean)
10:33:24,917 INFO [org.springframework.web.servlet.mvc.method.annotation.RequestMappingHandlerMapping] - Mapped "{[/order/list],methods=[],params=[],headers=[],consumes=[],produces=[],custom=[]}" onto public java.lang.String com.gaoding.h5.controller.order.OrderListController.list(javax.servlet.http.HttpServletRequest)
10:33:24,917 INFO [org.springframework.web.servlet.mvc.method.annotation.RequestMappingHandlerMapping] - Mapped "{[/order/buyer/list],methods=[],params=[],headers=[],consumes=[],produces=[],custom=[]}" onto public java.lang.String com.gaoding.h5.controller.order.OrderListController.buyerList(javax.servlet.http.HttpServletRequest)
10:33:24,917 INFO [org.springframework.web.servlet.mvc.method.annotation.RequestMappingHandlerMapping] - Mapped "{[/order/seller/list],methods=[],params=[],headers=[],consumes=[],produces=[],custom=[]}" onto public java.lang.String com.gaoding.h5.controller.order.OrderListController.sellerlist(javax.servlet.http.HttpServletRequest)
10:33:24,918 INFO [org.springframework.web.servlet.mvc.method.annotation.RequestMappingHandlerMapping] - Mapped "{[/order/weixinpay],methods=[POST],params=[],headers=[],consumes=[],produces=[],custom=[]}" onto public java.lang.String com.gaoding.h5.controller.order.OrderWeixinpayController.pay(javax.servlet.http.HttpServletRequest,java.lang.String)
10:33:24,919 INFO [org.springframework.web.servlet.mvc.method.annotation.RequestMappingHandlerMapping] - Mapped "{[/order/weixinpay],methods=[GET],params=[],headers=[],consumes=[],produces=[],custom=[]}" onto public java.lang.String com.gaoding.h5.controller.order.OrderWeixinpayController.payView(javax.servlet.http.HttpServletRequest,java.lang.String)
10:33:24,919 INFO [org.springframework.web.servlet.mvc.method.annotation.RequestMappingHandlerMapping] - Mapped "{[/order/{orderNo}/change/price],methods=[POST],params=[],headers=[],consumes=[],produces=[],custom=[]}" onto public java.lang.String com.gaoding.h5.controller.order.SellerHandleOrderController.changePrice(javax.servlet.http.HttpServletRequest,java.lang.String)
10:33:24,919 INFO [org.springframework.web.servlet.mvc.method.annotation.RequestMappingHandlerMapping] - Mapped "{[/order/{orderNo}/change/prices],methods=[POST],params=[],headers=[],consumes=[],produces=[],custom=[]}" onto public java.lang.String com.gaoding.h5.controller.order.SellerHandleOrderController.changePrices(javax.servlet.http.HttpServletRequest,java.lang.String)
10:33:24,919 INFO [org.springframework.web.servlet.mvc.method.annotation.RequestMappingHandlerMapping] - Mapped "{[/order/{orderNo}/seller/complete],methods=[],params=[],headers=[],consumes=[],produces=[],custom=[]}" onto public java.lang.String com.gaoding.h5.controller.order.SellerHandleOrderController.completeOrderPhase(javax.servlet.http.HttpServletRequest,java.lang.String)
10:33:24,920 INFO [org.springframework.web.servlet.mvc.method.annotation.RequestMappingHandlerMapping] - Mapped "{[/order/{orderNo}/seller/accept],methods=[],params=[],headers=[],consumes=[],produces=[],custom=[]}" onto public java.lang.String com.gaoding.h5.controller.order.SellerHandleOrderController.acceptOrder(javax.servlet.http.HttpServletRequest,java.lang.String)
10:33:24,920 INFO [org.springframework.web.servlet.mvc.method.annotation.RequestMappingHandlerMapping] - Mapped "{[/order/{orderNo}/seller/refuse],methods=[],params=[],headers=[],consumes=[],produces=[],custom=[]}" onto public java.lang.String com.gaoding.h5.controller.order.SellerHandleOrderController.refuseOrder(javax.servlet.http.HttpServletRequest,java.lang.String)
10:33:24,920 INFO [org.springframework.web.servlet.mvc.method.annotation.RequestMappingHandlerMapping] - Mapped "{[/seller/{sellerId}/ask],methods=[GET],params=[],headers=[],consumes=[],produces=[],custom=[]}" onto public java.lang.String com.gaoding.h5.controller.store.AskController.askView(javax.servlet.http.HttpServletRequest,int)
10:33:24,920 INFO [org.springframework.web.servlet.mvc.method.annotation.RequestMappingHandlerMapping] - Mapped "{[/seller/{sellerId}/ask],methods=[POST],params=[],headers=[],consumes=[],produces=[],custom=[]}" onto public java.lang.String com.gaoding.h5.controller.store.AskController.ask(javax.servlet.http.HttpServletRequest,int)
10:33:24,920 INFO [org.springframework.web.servlet.mvc.method.annotation.RequestMappingHandlerMapping] - Mapped "{[/store/case/{sellerCaseId}],methods=[],params=[],headers=[],consumes=[],produces=[],custom=[]}" onto public java.lang.String com.gaoding.h5.controller.store.SellerCaseController.detail(org.springframework.ui.ModelMap,int)
10:33:24,921 INFO [org.springframework.web.servlet.mvc.method.annotation.RequestMappingHandlerMapping] - Mapped "{[/store/{storeId}/collect],methods=[],params=[],headers=[],consumes=[],produces=[],custom=[]}" onto public java.lang.String com.gaoding.h5.controller.store.StoreController.collect(javax.servlet.http.HttpServletRequest,int)
10:33:24,921 INFO [org.springframework.web.servlet.mvc.method.annotation.RequestMappingHandlerMapping] - Mapped "{[/store/my/try],methods=[],params=[],headers=[],consumes=[],produces=[],custom=[]}" onto public java.lang.String com.gaoding.h5.controller.store.StoreController.list(javax.servlet.http.HttpServletRequest,javax.servlet.http.HttpServletResponse)
10:33:24,921 INFO [org.springframework.web.servlet.mvc.method.annotation.RequestMappingHandlerMapping] - Mapped "{[/store/{storeId}],methods=[GET],params=[],headers=[],consumes=[],produces=[],custom=[]}" onto public java.lang.String com.gaoding.h5.controller.store.StoreController.storeView(javax.servlet.http.HttpServletRequest,int)
10:33:24,922 INFO [org.springframework.web.servlet.mvc.method.annotation.RequestMappingHandlerMapping] - Mapped "{[/weixin/index],methods=[GET],params=[],headers=[],consumes=[],produces=[],custom=[]}" onto public java.lang.String com.gaoding.h5.controller.weixin.WeixinController.handleIndexGetRequest(javax.servlet.http.HttpServletRequest)
10:33:24,922 INFO [org.springframework.web.servlet.mvc.method.annotation.RequestMappingHandlerMapping] - Mapped "{[/weixin/index],methods=[POST],params=[],headers=[],consumes=[],produces=[],custom=[]}" onto public java.lang.String com.gaoding.h5.controller.weixin.WeixinController.handleIndexPostRequest(javax.servlet.http.HttpServletRequest)
10:33:24,922 INFO [org.springframework.web.servlet.mvc.method.annotation.RequestMappingHandlerMapping] - Mapped "{[/weixin/pay/callback],methods=[],params=[],headers=[],consumes=[],produces=[],custom=[]}" onto public java.lang.String com.gaoding.h5.controller.weixin.WeixinPayCallbackController.payCallback(javax.servlet.http.HttpServletRequest,javax.servlet.http.HttpServletResponse)
10:33:25,079 INFO [org.springframework.web.servlet.mvc.method.annotation.RequestMappingHandlerAdapter] - Looking for @ControllerAdvice: WebApplicationContext for namespace 'spring-servlet': startup date [Tue Jan 05 10:33:24 CST 2016]; parent: Root WebApplicationContext
10:33:25,119 INFO [org.springframework.web.servlet.mvc.method.annotation.RequestMappingHandlerAdapter] - Looking for @ControllerAdvice: WebApplicationContext for namespace 'spring-servlet': startup date [Tue Jan 05 10:33:24 CST 2016]; parent: Root WebApplicationContext
10:33:25,163 INFO [org.springframework.web.servlet.mvc.method.annotation.ExceptionHandlerExceptionResolver] - Detected @ExceptionHandler methods in exceptionHandlerAdvice
10:33:25,284 INFO [com.gaoding.framework.conf.Config] - load properties config file [/server.properties].
10:33:25,362 INFO [org.springframework.web.servlet.view.velocity.VelocityConfigurer] - Loading Velocity config from [class path resource [velocity.properties]]
10:33:25,364 INFO [org.springframework.web.servlet.view.velocity.VelocityConfigurer] - ClasspathResourceLoader with name 'springMacro' added to configured VelocityEngine
10:33:25,545 INFO [org.springframework.web.servlet.DispatcherServlet] - FrameworkServlet 'spring': initialization completed in 946 ms
