10:08:00,498 INFO [org.springframework.web.context.ContextLoader] - Root WebApplicationContext: initialization started
10:08:00,557 INFO [org.springframework.web.context.support.XmlWebApplicationContext] - Refreshing Root WebApplicationContext: startup date [Mon Nov 30 10:08:00 CST 2015]; root of context hierarchy
10:08:00,592 INFO [org.springframework.beans.factory.xml.XmlBeanDefinitionReader] - Loading XML bean definitions from class path resource [spring.xml]
10:08:00,875 INFO [org.springframework.beans.factory.xml.XmlBeanDefinitionReader] - Loading XML bean definitions from class path resource [spring-jdbc.xml]
10:08:00,888 INFO [org.springframework.beans.factory.xml.XmlBeanDefinitionReader] - Loading XML bean definitions from class path resource [spring-tx.xml]
10:08:01,040 INFO [org.springframework.beans.factory.config.PropertiesFactoryBean] - Loading properties file from class path resource [jdbc.properties]
10:08:01,040 INFO [org.springframework.beans.factory.config.PropertiesFactoryBean] - Loading properties file from class path resource [redis.properties]
10:08:01,040 INFO [org.springframework.beans.factory.config.PropertiesFactoryBean] - Loading properties file from class path resource [upyun.properties]
10:08:01,058 INFO [org.springframework.beans.factory.annotation.AutowiredAnnotationBeanPostProcessor] - JSR-330 'javax.inject.Inject' annotation found and supported for autowiring
10:08:01,059 INFO [org.springframework.beans.factory.annotation.AutowiredAnnotationBeanPostProcessor] - JSR-330 'javax.inject.Inject' annotation found and supported for autowiring
10:08:01,251 INFO [com.mchange.v2.log.MLog] - MLog clients using log4j logging.
10:08:01,283 INFO [com.mchange.v2.c3p0.C3P0Registry] - Initializing c3p0-0.9.2.1 [built 20-March-2013 10:47:27 +0000; debug? true; trace: 10]
10:08:01,716 INFO [org.springframework.web.context.ContextLoader] - Root WebApplicationContext: initialization completed in 1216 ms
10:08:01,733 INFO [org.springframework.web.servlet.DispatcherServlet] - FrameworkServlet 'spring': initialization started
10:08:01,735 INFO [org.springframework.web.context.support.XmlWebApplicationContext] - Refreshing WebApplicationContext for namespace 'spring-servlet': startup date [Mon Nov 30 10:08:01 CST 2015]; parent: Root WebApplicationContext
10:08:01,735 INFO [org.springframework.beans.factory.xml.XmlBeanDefinitionReader] - Loading XML bean definitions from class path resource [spring-mvc.xml]
10:08:01,836 INFO [org.springframework.beans.factory.annotation.AutowiredAnnotationBeanPostProcessor] - JSR-330 'javax.inject.Inject' annotation found and supported for autowiring
10:08:02,028 INFO [org.springframework.web.servlet.mvc.method.annotation.RequestMappingHandlerMapping] - Mapped "{[/ajax/address],methods=[GET],params=[],headers=[],consumes=[],produces=[],custom=[]}" onto public java.lang.String com.gaoding.h5.controller.common.ajax.AddressController.allAddress()
10:08:02,029 INFO [org.springframework.web.servlet.mvc.method.annotation.RequestMappingHandlerMapping] - Mapped "{[/ajax/industry],methods=[GET],params=[],headers=[],consumes=[],produces=[],custom=[]}" onto public java.lang.String com.gaoding.h5.controller.common.ajax.IndustryController.allIndustry()
10:08:02,029 INFO [org.springframework.web.servlet.mvc.method.annotation.RequestMappingHandlerMapping] - Mapped "{[/error],methods=[],params=[],headers=[],consumes=[],produces=[],custom=[]}" onto public java.lang.String com.gaoding.h5.controller.exception.ExceptionController.error()
10:08:02,031 INFO [org.springframework.web.servlet.mvc.method.annotation.RequestMappingHandlerMapping] - Mapped "{[/fuwu/{fuwuId}/collect],methods=[POST],params=[],headers=[],consumes=[],produces=[],custom=[]}" onto public java.lang.String com.gaoding.h5.controller.fuwu.FuwuCollectionController.collect(javax.servlet.http.HttpServletRequest,int)
10:08:02,031 INFO [org.springframework.web.servlet.mvc.method.annotation.RequestMappingHandlerMapping] - Mapped "{[/index],methods=[],params=[],headers=[],consumes=[],produces=[],custom=[]}" onto public java.lang.String com.gaoding.h5.controller.fuwu.FuwuController.index(org.springframework.ui.ModelMap)
10:08:02,032 INFO [org.springframework.web.servlet.mvc.method.annotation.RequestMappingHandlerMapping] - Mapped "{[/fuwu/{fuwuId}/detail],methods=[],params=[],headers=[],consumes=[],produces=[],custom=[]}" onto public java.lang.String com.gaoding.h5.controller.fuwu.FuwuController.detail(javax.servlet.http.HttpServletRequest,int)
10:08:02,032 INFO [org.springframework.web.servlet.mvc.method.annotation.RequestMappingHandlerMapping] - Mapped "{[/fuwu/industry/{industryId}],methods=[],params=[],headers=[],consumes=[],produces=[],custom=[]}" onto public java.lang.String com.gaoding.h5.controller.fuwu.FuwuListController.fuwuList(javax.servlet.http.HttpServletRequest,int)
10:08:02,032 INFO [org.springframework.web.servlet.mvc.method.annotation.RequestMappingHandlerMapping] - Mapped "{[/login],methods=[POST],params=[],headers=[],consumes=[],produces=[],custom=[]}" onto public java.lang.String com.gaoding.h5.controller.login.LoginController.login(javax.servlet.http.HttpServletRequest,javax.servlet.http.HttpServletResponse)
10:08:02,032 INFO [org.springframework.web.servlet.mvc.method.annotation.RequestMappingHandlerMapping] - Mapped "{[/logout],methods=[],params=[],headers=[],consumes=[],produces=[],custom=[]}" onto public java.lang.String com.gaoding.h5.controller.login.LoginController.logout(javax.servlet.http.HttpServletRequest,javax.servlet.http.HttpServletResponse)
10:08:02,033 INFO [org.springframework.web.servlet.mvc.method.annotation.RequestMappingHandlerMapping] - Mapped "{[/ajax/send/code],methods=[],params=[],headers=[],consumes=[],produces=[],custom=[]}" onto public java.lang.String com.gaoding.h5.controller.login.LoginController.sendVerificationCode(javax.servlet.http.HttpServletRequest)
10:08:02,033 INFO [org.springframework.web.servlet.mvc.method.annotation.RequestMappingHandlerMapping] - Mapped "{[/login],methods=[GET],params=[],headers=[],consumes=[],produces=[],custom=[]}" onto public java.lang.String com.gaoding.h5.controller.login.LoginController.loginView(javax.servlet.http.HttpServletRequest)
10:08:02,033 INFO [org.springframework.web.servlet.mvc.method.annotation.RequestMappingHandlerMapping] - Mapped "{[/attend/index],methods=[],params=[],headers=[],consumes=[],produces=[],custom=[]}" onto public java.lang.String com.gaoding.h5.controller.member.AttendMemberController.index()
10:08:02,033 INFO [org.springframework.web.servlet.mvc.method.annotation.RequestMappingHandlerMapping] - Mapped "{[/attend/attend],methods=[],params=[],headers=[],consumes=[],produces=[],custom=[]}" onto public java.lang.String com.gaoding.h5.controller.member.AttendMemberController.attend(com.gaoding.domain.po.member.AttendMember)
10:08:02,034 INFO [org.springframework.web.servlet.mvc.method.annotation.RequestMappingHandlerMapping] - Mapped "{[/member/balance],methods=[],params=[],headers=[],consumes=[],produces=[],custom=[]}" onto public java.lang.String com.gaoding.h5.controller.member.MemberAccountController.balance(javax.servlet.http.HttpServletRequest)
10:08:02,034 INFO [org.springframework.web.servlet.mvc.method.annotation.RequestMappingHandlerMapping] - Mapped "{[/member/balance/detail],methods=[],params=[],headers=[],consumes=[],produces=[],custom=[]}" onto public java.lang.String com.gaoding.h5.controller.member.MemberAccountController.balanceList(javax.servlet.http.HttpServletRequest,int)
10:08:02,034 INFO [org.springframework.web.servlet.mvc.method.annotation.RequestMappingHandlerMapping] - Mapped "{[/member/apply/seller],methods=[],params=[],headers=[],consumes=[],produces=[],custom=[]}" onto public java.lang.String com.gaoding.h5.controller.member.MemberApplySellerController.applySeller(javax.servlet.http.HttpServletRequest)
10:08:02,035 INFO [org.springframework.web.servlet.mvc.method.annotation.RequestMappingHandlerMapping] - Mapped "{[/store/collection],methods=[GET],params=[],headers=[],consumes=[],produces=[],custom=[]}" onto public java.lang.String com.gaoding.h5.controller.member.MemberCollectionController.collectionStoreList(javax.servlet.http.HttpServletRequest)
10:08:02,035 INFO [org.springframework.web.servlet.mvc.method.annotation.RequestMappingHandlerMapping] - Mapped "{[/fuwu/collection],methods=[GET],params=[],headers=[],consumes=[],produces=[],custom=[]}" onto public java.lang.String com.gaoding.h5.controller.member.MemberCollectionController.collectionFuwuList(javax.servlet.http.HttpServletRequest)
10:08:02,035 INFO [org.springframework.web.servlet.mvc.method.annotation.RequestMappingHandlerMapping] - Mapped "{[/member/me],methods=[GET],params=[],headers=[],consumes=[],produces=[],custom=[]}" onto public java.lang.String com.gaoding.h5.controller.member.MemberController.meView()
10:08:02,036 INFO [org.springframework.web.servlet.mvc.method.annotation.RequestMappingHandlerMapping] - Mapped "{[/member/profile],methods=[GET],params=[],headers=[],consumes=[],produces=[],custom=[]}" onto public java.lang.String com.gaoding.h5.controller.member.MemberProfileController.profile(javax.servlet.http.HttpServletRequest)
10:08:02,036 INFO [org.springframework.web.servlet.mvc.method.annotation.RequestMappingHandlerMapping] - Mapped "{[/member/save/profile],methods=[POST],params=[],headers=[],consumes=[],produces=[],custom=[]}" onto public java.lang.String com.gaoding.h5.controller.member.MemberProfileController.saveProfile(javax.servlet.http.HttpServletRequest)
10:08:02,037 INFO [org.springframework.web.servlet.mvc.method.annotation.RequestMappingHandlerMapping] - Mapped "{[/order/{orderNo}/generate],methods=[POST],params=[],headers=[],consumes=[],produces=[],custom=[]}" onto public java.lang.String com.gaoding.h5.controller.order.BuildOrderController.post(javax.servlet.http.HttpServletRequest,java.lang.String)
10:08:02,037 INFO [org.springframework.web.servlet.mvc.method.annotation.RequestMappingHandlerMapping] - Mapped "{[/order/fuwu/{fuwuId}/buy],methods=[GET],params=[],headers=[],consumes=[],produces=[],custom=[]}" onto public java.lang.String com.gaoding.h5.controller.order.BuildOrderController.fillInfoView(javax.servlet.http.HttpServletRequest,int)
10:08:02,037 INFO [org.springframework.web.servlet.mvc.method.annotation.RequestMappingHandlerMapping] - Mapped "{[/order/{orderNo}/info],methods=[POST],params=[],headers=[],consumes=[],produces=[],custom=[]}" onto public java.lang.String com.gaoding.h5.controller.order.BuildOrderController.postMemberInfo(javax.servlet.http.HttpServletRequest,java.lang.String)
10:08:02,037 INFO [org.springframework.web.servlet.mvc.method.annotation.RequestMappingHandlerMapping] - Mapped "{[/order/{orderNo}/demand],methods=[GET],params=[],headers=[],consumes=[],produces=[],custom=[]}" onto public java.lang.String com.gaoding.h5.controller.order.BuildOrderController.demandView(javax.servlet.http.HttpServletRequest,java.lang.String)
10:08:02,037 INFO [org.springframework.web.servlet.mvc.method.annotation.RequestMappingHandlerMapping] - Mapped "{[/order/{orderNo}/demand],methods=[POST],params=[],headers=[],consumes=[],produces=[],custom=[]}" onto public java.lang.String com.gaoding.h5.controller.order.BuildOrderController.postDemand(javax.servlet.http.HttpServletRequest,java.lang.String)
10:08:02,037 INFO [org.springframework.web.servlet.mvc.method.annotation.RequestMappingHandlerMapping] - Mapped "{[/order/{orderNo}/generate],methods=[GET],params=[],headers=[],consumes=[],produces=[],custom=[]}" onto public java.lang.String com.gaoding.h5.controller.order.BuildOrderController.buildOrderView(javax.servlet.http.HttpServletRequest,java.lang.String)
10:08:02,037 INFO [org.springframework.web.servlet.mvc.method.annotation.RequestMappingHandlerMapping] - Mapped "{[/order/{orderNo}/buyer/confirm],methods=[],params=[],headers=[],consumes=[],produces=[],custom=[]}" onto public java.lang.String com.gaoding.h5.controller.order.BuyerHandleOrderController.buyerConfirm(javax.servlet.http.HttpServletRequest,java.lang.String)
10:08:02,038 INFO [org.springframework.web.servlet.mvc.method.annotation.RequestMappingHandlerMapping] - Mapped "{[/order/{orderNo}/comment],methods=[POST],params=[],headers=[],consumes=[],produces=[],custom=[]}" onto public java.lang.String com.gaoding.h5.controller.order.OrderCommentController.comment(javax.servlet.http.HttpServletRequest,java.lang.String)
10:08:02,038 INFO [org.springframework.web.servlet.mvc.method.annotation.RequestMappingHandlerMapping] - Mapped "{[/order/{orderNo}/comment],methods=[GET],params=[],headers=[],consumes=[],produces=[],custom=[]}" onto public java.lang.String com.gaoding.h5.controller.order.OrderCommentController.commentView(javax.servlet.http.HttpServletRequest,java.lang.String)
10:08:02,038 INFO [org.springframework.web.servlet.mvc.method.annotation.RequestMappingHandlerMapping] - Mapped "{[/order/{orderNo}/detail],methods=[GET],params=[],headers=[],consumes=[],produces=[],custom=[]}" onto public java.lang.String com.gaoding.h5.controller.order.OrderDetailController.orderDetail(javax.servlet.http.HttpServletRequest,java.lang.String)
10:08:02,039 INFO [org.springframework.web.servlet.mvc.method.annotation.RequestMappingHandlerMapping] - Mapped "{[/order/list],methods=[],params=[],headers=[],consumes=[],produces=[],custom=[]}" onto public java.lang.String com.gaoding.h5.controller.order.OrderListController.list(javax.servlet.http.HttpServletRequest)
10:08:02,039 INFO [org.springframework.web.servlet.mvc.method.annotation.RequestMappingHandlerMapping] - Mapped "{[/order/buyer/list],methods=[],params=[],headers=[],consumes=[],produces=[],custom=[]}" onto public java.lang.String com.gaoding.h5.controller.order.OrderListController.buyerList(javax.servlet.http.HttpServletRequest)
10:08:02,039 INFO [org.springframework.web.servlet.mvc.method.annotation.RequestMappingHandlerMapping] - Mapped "{[/order/seller/list],methods=[],params=[],headers=[],consumes=[],produces=[],custom=[]}" onto public java.lang.String com.gaoding.h5.controller.order.OrderListController.sellerlist(javax.servlet.http.HttpServletRequest)
10:08:02,039 INFO [org.springframework.web.servlet.mvc.method.annotation.RequestMappingHandlerMapping] - Mapped "{[/order/weixinpay],methods=[GET],params=[],headers=[],consumes=[],produces=[],custom=[]}" onto public java.lang.String com.gaoding.h5.controller.order.OrderWeixinpayController.payView(javax.servlet.http.HttpServletRequest,java.lang.String)
10:08:02,040 INFO [org.springframework.web.servlet.mvc.method.annotation.RequestMappingHandlerMapping] - Mapped "{[/order/{orderNo}/seller/complete],methods=[],params=[],headers=[],consumes=[],produces=[],custom=[]}" onto public java.lang.String com.gaoding.h5.controller.order.SellerHandleOrderController.completeOrderPhase(javax.servlet.http.HttpServletRequest,java.lang.String)
10:08:02,040 INFO [org.springframework.web.servlet.mvc.method.annotation.RequestMappingHandlerMapping] - Mapped "{[/order/{orderNo}/seller/accept],methods=[],params=[],headers=[],consumes=[],produces=[],custom=[]}" onto public java.lang.String com.gaoding.h5.controller.order.SellerHandleOrderController.acceptOrder(javax.servlet.http.HttpServletRequest,java.lang.String)
10:08:02,040 INFO [org.springframework.web.servlet.mvc.method.annotation.RequestMappingHandlerMapping] - Mapped "{[/order/{orderNo}/seller/refuse],methods=[],params=[],headers=[],consumes=[],produces=[],custom=[]}" onto public java.lang.String com.gaoding.h5.controller.order.SellerHandleOrderController.refuseOrder(javax.servlet.http.HttpServletRequest,java.lang.String)
10:08:02,040 INFO [org.springframework.web.servlet.mvc.method.annotation.RequestMappingHandlerMapping] - Mapped "{[/order/{orderNo}/change/price],methods=[POST],params=[],headers=[],consumes=[],produces=[],custom=[]}" onto public java.lang.String com.gaoding.h5.controller.order.SellerHandleOrderController.changePrice(javax.servlet.http.HttpServletRequest,java.lang.String)
10:08:02,040 INFO [org.springframework.web.servlet.mvc.method.annotation.RequestMappingHandlerMapping] - Mapped "{[/seller/{sellerId}/ask],methods=[GET],params=[],headers=[],consumes=[],produces=[],custom=[]}" onto public java.lang.String com.gaoding.h5.controller.store.AskController.askView(javax.servlet.http.HttpServletRequest,int)
10:08:02,040 INFO [org.springframework.web.servlet.mvc.method.annotation.RequestMappingHandlerMapping] - Mapped "{[/seller/{sellerId}/ask],methods=[POST],params=[],headers=[],consumes=[],produces=[],custom=[]}" onto public java.lang.String com.gaoding.h5.controller.store.AskController.ask(javax.servlet.http.HttpServletRequest,int)
10:08:02,041 INFO [org.springframework.web.servlet.mvc.method.annotation.RequestMappingHandlerMapping] - Mapped "{[/store/{storeId}/collect],methods=[],params=[],headers=[],consumes=[],produces=[],custom=[]}" onto public java.lang.String com.gaoding.h5.controller.store.StoreController.collect(javax.servlet.http.HttpServletRequest,int)
10:08:02,041 INFO [org.springframework.web.servlet.mvc.method.annotation.RequestMappingHandlerMapping] - Mapped "{[/store/{storeId}],methods=[GET],params=[],headers=[],consumes=[],produces=[],custom=[]}" onto public java.lang.String com.gaoding.h5.controller.store.StoreController.storeView(javax.servlet.http.HttpServletRequest,int)
10:08:02,042 INFO [org.springframework.web.servlet.mvc.method.annotation.RequestMappingHandlerMapping] - Mapped "{[/weixin/index],methods=[GET],params=[],headers=[],consumes=[],produces=[],custom=[]}" onto public java.lang.String com.gaoding.h5.controller.weixin.WeixinController.handleIndexGetRequest(javax.servlet.http.HttpServletRequest)
10:08:02,042 INFO [org.springframework.web.servlet.mvc.method.annotation.RequestMappingHandlerMapping] - Mapped "{[/weixin/index],methods=[POST],params=[],headers=[],consumes=[],produces=[],custom=[]}" onto public java.lang.String com.gaoding.h5.controller.weixin.WeixinController.handleIndexPostRequest(javax.servlet.http.HttpServletRequest)
10:08:02,042 INFO [org.springframework.web.servlet.mvc.method.annotation.RequestMappingHandlerMapping] - Mapped "{[/weixin/pay/callback],methods=[],params=[],headers=[],consumes=[],produces=[],custom=[]}" onto public java.lang.String com.gaoding.h5.controller.weixin.WeixinPayCallbackController.payCallback(javax.servlet.http.HttpServletRequest,javax.servlet.http.HttpServletResponse)
10:08:02,253 INFO [org.springframework.web.servlet.mvc.method.annotation.RequestMappingHandlerAdapter] - Looking for @ControllerAdvice: WebApplicationContext for namespace 'spring-servlet': startup date [Mon Nov 30 10:08:01 CST 2015]; parent: Root WebApplicationContext
10:08:02,285 INFO [org.springframework.web.servlet.mvc.method.annotation.RequestMappingHandlerAdapter] - Looking for @ControllerAdvice: WebApplicationContext for namespace 'spring-servlet': startup date [Mon Nov 30 10:08:01 CST 2015]; parent: Root WebApplicationContext
10:08:02,303 INFO [org.springframework.web.servlet.mvc.method.annotation.ExceptionHandlerExceptionResolver] - Detected @ExceptionHandler methods in exceptionHandlerAdvice
10:08:02,342 INFO [com.gaoding.framework.conf.Config] - load properties config file [/server.properties].
10:08:02,343 INFO [com.gaoding.framework.conf.Config] - load properties config file [/weixin.properties].
10:08:02,385 INFO [org.springframework.web.servlet.view.velocity.VelocityConfigurer] - Loading Velocity config from [class path resource [velocity.properties]]
10:08:02,387 INFO [org.springframework.web.servlet.view.velocity.VelocityConfigurer] - ClasspathResourceLoader with name 'springMacro' added to configured VelocityEngine
10:08:02,468 INFO [org.springframework.web.servlet.DispatcherServlet] - FrameworkServlet 'spring': initialization completed in 735 ms
10:08:11,303 INFO [com.mchange.v2.c3p0.impl.AbstractPoolBackedDataSource] - Initializing c3p0 pool... com.mchange.v2.c3p0.ComboPooledDataSource [ acquireIncrement -> 2, acquireRetryAttempts -> 120, acquireRetryDelay -> 1000, autoCommitOnClose -> false, automaticTestTable -> null, breakAfterAcquireFailure -> false, checkoutTimeout -> 320000, connectionCustomizerClassName -> null, connectionTesterClassName -> com.mchange.v2.c3p0.impl.DefaultConnectionTester, dataSourceName -> 1hge16d9dnwhukd7wbmya|16edf7a, debugUnreturnedConnectionStackTraces -> false, description -> null, driverClass -> com.mysql.jdbc.Driver, factoryClassLocation -> null, forceIgnoreUnresolvedTransactions -> false, identityToken -> 1hge16d9dnwhukd7wbmya|16edf7a, idleConnectionTestPeriod -> 120, initialPoolSize -> 10, jdbcUrl -> jdbc:mysql://192.168.1.16:3310/gaoding_member?jdbcCompliantTruncation=false, maxAdministrativeTaskTime -> 0, maxConnectionAge -> 0, maxIdleTime -> 600, maxIdleTimeExcessConnections -> 0, maxPoolSize -> 50, maxStatements -> 0, maxStatementsPerConnection -> 0, minPoolSize -> 10, numHelperThreads -> 3, preferredTestQuery -> null, properties -> {user=******, password=******}, propertyCycle -> 0, statementCacheNumDeferredCloseThreads -> 0, testConnectionOnCheckin -> false, testConnectionOnCheckout -> false, unreturnedConnectionTimeout -> 0, userOverrides -> {}, usesTraditionalReflectiveProxies -> false ]
10:08:11,638 INFO [com.mchange.v2.c3p0.impl.AbstractPoolBackedDataSource] - Initializing c3p0 pool... com.mchange.v2.c3p0.ComboPooledDataSource [ acquireIncrement -> 2, acquireRetryAttempts -> 120, acquireRetryDelay -> 1000, autoCommitOnClose -> false, automaticTestTable -> null, breakAfterAcquireFailure -> false, checkoutTimeout -> 320000, connectionCustomizerClassName -> null, connectionTesterClassName -> com.mchange.v2.c3p0.impl.DefaultConnectionTester, dataSourceName -> 1hge16d9dnwhukd7wbmya|1e82d9c, debugUnreturnedConnectionStackTraces -> false, description -> null, driverClass -> com.mysql.jdbc.Driver, factoryClassLocation -> null, forceIgnoreUnresolvedTransactions -> false, identityToken -> 1hge16d9dnwhukd7wbmya|1e82d9c, idleConnectionTestPeriod -> 120, initialPoolSize -> 10, jdbcUrl -> jdbc:mysql://192.168.1.16:3310/gaoding_trade?jdbcCompliantTruncation=false, maxAdministrativeTaskTime -> 0, maxConnectionAge -> 0, maxIdleTime -> 600, maxIdleTimeExcessConnections -> 0, maxPoolSize -> 50, maxStatements -> 0, maxStatementsPerConnection -> 0, minPoolSize -> 10, numHelperThreads -> 3, preferredTestQuery -> null, properties -> {user=******, password=******}, propertyCycle -> 0, statementCacheNumDeferredCloseThreads -> 0, testConnectionOnCheckin -> false, testConnectionOnCheckout -> false, unreturnedConnectionTimeout -> 0, userOverrides -> {}, usesTraditionalReflectiveProxies -> false ]
10:08:12,111 WARN [org.springframework.web.servlet.PageNotFound] - No mapping found for HTTP request with URI [/favicon.ico] in DispatcherServlet with name 'spring'
10:08:12,118 WARN [org.springframework.web.servlet.PageNotFound] - No mapping found for HTTP request with URI [/pagenotfound.html] in DispatcherServlet with name 'spring'
12:50:54,714 WARN [com.mchange.v2.async.ThreadPoolAsynchronousRunner] - com.mchange.v2.async.ThreadPoolAsynchronousRunner$DeadlockDetector@3ba3d -- APPARENT DEADLOCK!!! Creating emergency threads for unassigned pending tasks!
12:50:54,723 WARN [com.mchange.v2.async.ThreadPoolAsynchronousRunner] - com.mchange.v2.async.ThreadPoolAsynchronousRunner$DeadlockDetector@3ba3d -- APPARENT DEADLOCK!!! Complete Status: 
	Managed Threads: 3
	Active Threads: 3
	Active Tasks: 
		com.mchange.v2.resourcepool.BasicResourcePool$AsyncTestIdleResourceTask@1f94c76
			on thread: C3P0PooledConnectionPoolManager[identityToken->1hge16d9dnwhukd7wbmya|1e82d9c]-HelperThread-#2
		com.mchange.v2.resourcepool.BasicResourcePool$1DestroyResourceTask@26d7e6
			on thread: C3P0PooledConnectionPoolManager[identityToken->1hge16d9dnwhukd7wbmya|1e82d9c]-HelperThread-#1
		com.mchange.v2.resourcepool.BasicResourcePool$AsyncTestIdleResourceTask@6c15c1
			on thread: C3P0PooledConnectionPoolManager[identityToken->1hge16d9dnwhukd7wbmya|1e82d9c]-HelperThread-#0
	Pending Tasks: 
		com.mchange.v2.resourcepool.BasicResourcePool$1DestroyResourceTask@59d0f8
		com.mchange.v2.resourcepool.BasicResourcePool$1DestroyResourceTask@1d6b339
		com.mchange.v2.resourcepool.BasicResourcePool$1DestroyResourceTask@1abcac2
		com.mchange.v2.resourcepool.BasicResourcePool$1DestroyResourceTask@1670e6b
		com.mchange.v2.resourcepool.BasicResourcePool$1DestroyResourceTask@15dda2f
		com.mchange.v2.resourcepool.BasicResourcePool$1DestroyResourceTask@198e846
		com.mchange.v2.resourcepool.BasicResourcePool$1DestroyResourceTask@e0d82d
		com.mchange.v2.resourcepool.BasicResourcePool$1DestroyResourceTask@1199dcc
		com.mchange.v2.resourcepool.BasicResourcePool$1DestroyResourceTask@4aa922
		com.mchange.v2.resourcepool.BasicResourcePool$ScatteredAcquireTask@ecaa35
		com.mchange.v2.resourcepool.BasicResourcePool$ScatteredAcquireTask@f535b5
		com.mchange.v2.resourcepool.BasicResourcePool$ScatteredAcquireTask@11d369a
		com.mchange.v2.resourcepool.BasicResourcePool$ScatteredAcquireTask@4786e2
		com.mchange.v2.resourcepool.BasicResourcePool$ScatteredAcquireTask@1ef381d
		com.mchange.v2.resourcepool.BasicResourcePool$ScatteredAcquireTask@56fe48
		com.mchange.v2.resourcepool.BasicResourcePool$ScatteredAcquireTask@41ae7e
		com.mchange.v2.resourcepool.BasicResourcePool$ScatteredAcquireTask@34082
		com.mchange.v2.resourcepool.BasicResourcePool$ScatteredAcquireTask@4eb18f
		com.mchange.v2.resourcepool.BasicResourcePool$ScatteredAcquireTask@1a7a9f0
Pool thread stack traces:
	Thread[C3P0PooledConnectionPoolManager[identityToken->1hge16d9dnwhukd7wbmya|1e82d9c]-HelperThread-#2,5,main]
		java.net.SocketInputStream.socketRead0(Native Method)
		java.net.SocketInputStream.socketRead(SocketInputStream.java:116)
		java.net.SocketInputStream.read(SocketInputStream.java:170)
		java.net.SocketInputStream.read(SocketInputStream.java:141)
		com.mysql.jdbc.util.ReadAheadInputStream.fill(ReadAheadInputStream.java:100)
		com.mysql.jdbc.util.ReadAheadInputStream.readFromUnderlyingStreamIfNecessary(ReadAheadInputStream.java:143)
		com.mysql.jdbc.util.ReadAheadInputStream.read(ReadAheadInputStream.java:173)
		com.mysql.jdbc.MysqlIO.readFully(MysqlIO.java:2911)
		com.mysql.jdbc.MysqlIO.reuseAndReadPacket(MysqlIO.java:3332)
		com.mysql.jdbc.MysqlIO.reuseAndReadPacket(MysqlIO.java:3322)
		com.mysql.jdbc.MysqlIO.checkErrorPacket(MysqlIO.java:3762)
		com.mysql.jdbc.MysqlIO.sendCommand(MysqlIO.java:2435)
		com.mysql.jdbc.MysqlIO.sqlQueryDirect(MysqlIO.java:2582)
		com.mysql.jdbc.ConnectionImpl.execSQL(ConnectionImpl.java:2531)
		com.mysql.jdbc.ConnectionImpl.execSQL(ConnectionImpl.java:2489)
		com.mysql.jdbc.StatementImpl.executeQuery(StatementImpl.java:1446)
		com.mysql.jdbc.DatabaseMetaData$9.forEach(DatabaseMetaData.java:4607)
		com.mysql.jdbc.DatabaseMetaData$9.forEach(DatabaseMetaData.java:4598)
		com.mysql.jdbc.IterateBlock.doForAll(IterateBlock.java:50)
		com.mysql.jdbc.DatabaseMetaData.getTables(DatabaseMetaData.java:4596)
		com.mchange.v2.c3p0.impl.DefaultConnectionTester.activeCheckConnectionNoQuery(DefaultConnectionTester.java:197)
		com.mchange.v2.c3p0.impl.DefaultConnectionTester.activeCheckConnection(DefaultConnectionTester.java:74)
		com.mchange.v2.c3p0.AbstractConnectionTester.activeCheckConnection(AbstractConnectionTester.java:79)
		com.mchange.v2.c3p0.impl.C3P0PooledConnectionPool$1PooledConnectionResourcePoolManager.testPooledConnection(C3P0PooledConnectionPool.java:503)
		com.mchange.v2.c3p0.impl.C3P0PooledConnectionPool$1PooledConnectionResourcePoolManager.testPooledConnection(C3P0PooledConnectionPool.java:463)
		com.mchange.v2.c3p0.impl.C3P0PooledConnectionPool$1PooledConnectionResourcePoolManager.refurbishIdleResource(C3P0PooledConnectionPool.java:435)
		com.mchange.v2.resourcepool.BasicResourcePool$AsyncTestIdleResourceTask.run(BasicResourcePool.java:2151)
		com.mchange.v2.async.ThreadPoolAsynchronousRunner$PoolThread.run(ThreadPoolAsynchronousRunner.java:648)
	Thread[C3P0PooledConnectionPoolManager[identityToken->1hge16d9dnwhukd7wbmya|1e82d9c]-HelperThread-#1,5,main]
		com.mysql.jdbc.ConnectionImpl.close(ConnectionImpl.java:1506)
		com.mchange.v2.c3p0.impl.NewPooledConnection.close(NewPooledConnection.java:629)
		com.mchange.v2.c3p0.impl.NewPooledConnection.closeMaybeCheckedOut(NewPooledConnection.java:259)
		com.mchange.v2.c3p0.impl.C3P0PooledConnectionPool$1PooledConnectionResourcePoolManager.destroyResource(C3P0PooledConnectionPool.java:619)
		com.mchange.v2.resourcepool.BasicResourcePool$1DestroyResourceTask.run(BasicResourcePool.java:1024)
		com.mchange.v2.async.ThreadPoolAsynchronousRunner$PoolThread.run(ThreadPoolAsynchronousRunner.java:648)
	Thread[C3P0PooledConnectionPoolManager[identityToken->1hge16d9dnwhukd7wbmya|1e82d9c]-HelperThread-#0,5,main]
		java.net.SocketInputStream.socketRead0(Native Method)
		java.net.SocketInputStream.socketRead(SocketInputStream.java:116)
		java.net.SocketInputStream.read(SocketInputStream.java:170)
		java.net.SocketInputStream.read(SocketInputStream.java:141)
		com.mysql.jdbc.util.ReadAheadInputStream.fill(ReadAheadInputStream.java:100)
		com.mysql.jdbc.util.ReadAheadInputStream.readFromUnderlyingStreamIfNecessary(ReadAheadInputStream.java:143)
		com.mysql.jdbc.util.ReadAheadInputStream.read(ReadAheadInputStream.java:173)
		com.mysql.jdbc.MysqlIO.readFully(MysqlIO.java:2911)
		com.mysql.jdbc.MysqlIO.reuseAndReadPacket(MysqlIO.java:3332)
		com.mysql.jdbc.MysqlIO.reuseAndReadPacket(MysqlIO.java:3322)
		com.mysql.jdbc.MysqlIO.checkErrorPacket(MysqlIO.java:3762)
		com.mysql.jdbc.MysqlIO.sendCommand(MysqlIO.java:2435)
		com.mysql.jdbc.MysqlIO.sqlQueryDirect(MysqlIO.java:2582)
		com.mysql.jdbc.ConnectionImpl.execSQL(ConnectionImpl.java:2531)
		com.mysql.jdbc.ConnectionImpl.execSQL(ConnectionImpl.java:2489)
		com.mysql.jdbc.StatementImpl.executeQuery(StatementImpl.java:1446)
		com.mysql.jdbc.DatabaseMetaData$9.forEach(DatabaseMetaData.java:4607)
		com.mysql.jdbc.DatabaseMetaData$9.forEach(DatabaseMetaData.java:4598)
		com.mysql.jdbc.IterateBlock.doForAll(IterateBlock.java:50)
		com.mysql.jdbc.DatabaseMetaData.getTables(DatabaseMetaData.java:4596)
		com.mchange.v2.c3p0.impl.DefaultConnectionTester.activeCheckConnectionNoQuery(DefaultConnectionTester.java:197)
		com.mchange.v2.c3p0.impl.DefaultConnectionTester.activeCheckConnection(DefaultConnectionTester.java:74)
		com.mchange.v2.c3p0.AbstractConnectionTester.activeCheckConnection(AbstractConnectionTester.java:79)
		com.mchange.v2.c3p0.impl.C3P0PooledConnectionPool$1PooledConnectionResourcePoolManager.testPooledConnection(C3P0PooledConnectionPool.java:503)
		com.mchange.v2.c3p0.impl.C3P0PooledConnectionPool$1PooledConnectionResourcePoolManager.testPooledConnection(C3P0PooledConnectionPool.java:463)
		com.mchange.v2.c3p0.impl.C3P0PooledConnectionPool$1PooledConnectionResourcePoolManager.refurbishIdleResource(C3P0PooledConnectionPool.java:435)
		com.mchange.v2.resourcepool.BasicResourcePool$AsyncTestIdleResourceTask.run(BasicResourcePool.java:2151)
		com.mchange.v2.async.ThreadPoolAsynchronousRunner$PoolThread.run(ThreadPoolAsynchronousRunner.java:648)


15:50:42,607 INFO [org.springframework.web.context.ContextLoader] - Root WebApplicationContext: initialization started
15:50:42,707 INFO [org.springframework.web.context.support.XmlWebApplicationContext] - Refreshing Root WebApplicationContext: startup date [Mon Nov 30 15:50:42 CST 2015]; root of context hierarchy
15:50:42,744 INFO [org.springframework.beans.factory.xml.XmlBeanDefinitionReader] - Loading XML bean definitions from class path resource [spring.xml]
15:50:43,078 INFO [org.springframework.beans.factory.xml.XmlBeanDefinitionReader] - Loading XML bean definitions from class path resource [spring-jdbc.xml]
15:50:43,092 INFO [org.springframework.beans.factory.xml.XmlBeanDefinitionReader] - Loading XML bean definitions from class path resource [spring-tx.xml]
15:50:43,303 INFO [org.springframework.beans.factory.config.PropertiesFactoryBean] - Loading properties file from class path resource [jdbc.properties]
15:50:43,303 INFO [org.springframework.beans.factory.config.PropertiesFactoryBean] - Loading properties file from class path resource [redis.properties]
15:50:43,303 INFO [org.springframework.beans.factory.config.PropertiesFactoryBean] - Loading properties file from class path resource [upyun.properties]
15:50:43,348 INFO [org.springframework.beans.factory.annotation.AutowiredAnnotationBeanPostProcessor] - JSR-330 'javax.inject.Inject' annotation found and supported for autowiring
15:50:43,350 INFO [org.springframework.beans.factory.annotation.AutowiredAnnotationBeanPostProcessor] - JSR-330 'javax.inject.Inject' annotation found and supported for autowiring
15:50:43,739 INFO [com.mchange.v2.log.MLog] - MLog clients using log4j logging.
15:50:43,772 INFO [com.mchange.v2.c3p0.C3P0Registry] - Initializing c3p0-0.9.2.1 [built 20-March-2013 10:47:27 +0000; debug? true; trace: 10]
15:50:44,263 INFO [org.springframework.web.context.ContextLoader] - Root WebApplicationContext: initialization completed in 1639 ms
15:50:44,307 INFO [org.springframework.web.servlet.DispatcherServlet] - FrameworkServlet 'spring': initialization started
15:50:44,310 INFO [org.springframework.web.context.support.XmlWebApplicationContext] - Refreshing WebApplicationContext for namespace 'spring-servlet': startup date [Mon Nov 30 15:50:44 CST 2015]; parent: Root WebApplicationContext
15:50:44,310 INFO [org.springframework.beans.factory.xml.XmlBeanDefinitionReader] - Loading XML bean definitions from class path resource [spring-mvc.xml]
15:50:44,458 INFO [org.springframework.beans.factory.annotation.AutowiredAnnotationBeanPostProcessor] - JSR-330 'javax.inject.Inject' annotation found and supported for autowiring
15:50:44,626 INFO [org.springframework.web.servlet.mvc.method.annotation.RequestMappingHandlerMapping] - Mapped "{[/ajax/address],methods=[GET],params=[],headers=[],consumes=[],produces=[],custom=[]}" onto public java.lang.String com.gaoding.h5.controller.common.ajax.AddressController.allAddress()
15:50:44,627 INFO [org.springframework.web.servlet.mvc.method.annotation.RequestMappingHandlerMapping] - Mapped "{[/ajax/industry],methods=[GET],params=[],headers=[],consumes=[],produces=[],custom=[]}" onto public java.lang.String com.gaoding.h5.controller.common.ajax.IndustryController.allIndustry()
15:50:44,627 INFO [org.springframework.web.servlet.mvc.method.annotation.RequestMappingHandlerMapping] - Mapped "{[/error],methods=[],params=[],headers=[],consumes=[],produces=[],custom=[]}" onto public java.lang.String com.gaoding.h5.controller.exception.ExceptionController.error()
15:50:44,628 INFO [org.springframework.web.servlet.mvc.method.annotation.RequestMappingHandlerMapping] - Mapped "{[/fuwu/{fuwuId}/collect],methods=[POST],params=[],headers=[],consumes=[],produces=[],custom=[]}" onto public java.lang.String com.gaoding.h5.controller.fuwu.FuwuCollectionController.collect(javax.servlet.http.HttpServletRequest,int)
15:50:44,629 INFO [org.springframework.web.servlet.mvc.method.annotation.RequestMappingHandlerMapping] - Mapped "{[/index],methods=[],params=[],headers=[],consumes=[],produces=[],custom=[]}" onto public java.lang.String com.gaoding.h5.controller.fuwu.FuwuController.index(org.springframework.ui.ModelMap)
15:50:44,630 INFO [org.springframework.web.servlet.mvc.method.annotation.RequestMappingHandlerMapping] - Mapped "{[/fuwu/{fuwuId}/detail],methods=[],params=[],headers=[],consumes=[],produces=[],custom=[]}" onto public java.lang.String com.gaoding.h5.controller.fuwu.FuwuController.detail(javax.servlet.http.HttpServletRequest,int)
15:50:44,630 INFO [org.springframework.web.servlet.mvc.method.annotation.RequestMappingHandlerMapping] - Mapped "{[/fuwu/industry/{industryId}],methods=[],params=[],headers=[],consumes=[],produces=[],custom=[]}" onto public java.lang.String com.gaoding.h5.controller.fuwu.FuwuListController.fuwuList(javax.servlet.http.HttpServletRequest,int)
15:50:44,630 INFO [org.springframework.web.servlet.mvc.method.annotation.RequestMappingHandlerMapping] - Mapped "{[/login],methods=[POST],params=[],headers=[],consumes=[],produces=[],custom=[]}" onto public java.lang.String com.gaoding.h5.controller.login.LoginController.login(javax.servlet.http.HttpServletRequest,javax.servlet.http.HttpServletResponse)
15:50:44,631 INFO [org.springframework.web.servlet.mvc.method.annotation.RequestMappingHandlerMapping] - Mapped "{[/logout],methods=[],params=[],headers=[],consumes=[],produces=[],custom=[]}" onto public java.lang.String com.gaoding.h5.controller.login.LoginController.logout(javax.servlet.http.HttpServletRequest,javax.servlet.http.HttpServletResponse)
15:50:44,631 INFO [org.springframework.web.servlet.mvc.method.annotation.RequestMappingHandlerMapping] - Mapped "{[/login],methods=[GET],params=[],headers=[],consumes=[],produces=[],custom=[]}" onto public java.lang.String com.gaoding.h5.controller.login.LoginController.loginView(javax.servlet.http.HttpServletRequest)
15:50:44,631 INFO [org.springframework.web.servlet.mvc.method.annotation.RequestMappingHandlerMapping] - Mapped "{[/ajax/send/code],methods=[],params=[],headers=[],consumes=[],produces=[],custom=[]}" onto public java.lang.String com.gaoding.h5.controller.login.LoginController.sendVerificationCode(javax.servlet.http.HttpServletRequest)
15:50:44,631 INFO [org.springframework.web.servlet.mvc.method.annotation.RequestMappingHandlerMapping] - Mapped "{[/attend/index],methods=[],params=[],headers=[],consumes=[],produces=[],custom=[]}" onto public java.lang.String com.gaoding.h5.controller.member.AttendMemberController.index()
15:50:44,631 INFO [org.springframework.web.servlet.mvc.method.annotation.RequestMappingHandlerMapping] - Mapped "{[/attend/attend],methods=[],params=[],headers=[],consumes=[],produces=[],custom=[]}" onto public java.lang.String com.gaoding.h5.controller.member.AttendMemberController.attend(com.gaoding.domain.po.member.AttendMember)
15:50:44,632 INFO [org.springframework.web.servlet.mvc.method.annotation.RequestMappingHandlerMapping] - Mapped "{[/member/balance/detail],methods=[],params=[],headers=[],consumes=[],produces=[],custom=[]}" onto public java.lang.String com.gaoding.h5.controller.member.MemberAccountController.balanceList(javax.servlet.http.HttpServletRequest,int)
15:50:44,632 INFO [org.springframework.web.servlet.mvc.method.annotation.RequestMappingHandlerMapping] - Mapped "{[/member/balance],methods=[],params=[],headers=[],consumes=[],produces=[],custom=[]}" onto public java.lang.String com.gaoding.h5.controller.member.MemberAccountController.balance(javax.servlet.http.HttpServletRequest)
15:50:44,632 INFO [org.springframework.web.servlet.mvc.method.annotation.RequestMappingHandlerMapping] - Mapped "{[/member/apply/seller],methods=[],params=[],headers=[],consumes=[],produces=[],custom=[]}" onto public java.lang.String com.gaoding.h5.controller.member.MemberApplySellerController.applySeller(javax.servlet.http.HttpServletRequest)
15:50:44,633 INFO [org.springframework.web.servlet.mvc.method.annotation.RequestMappingHandlerMapping] - Mapped "{[/store/collection],methods=[GET],params=[],headers=[],consumes=[],produces=[],custom=[]}" onto public java.lang.String com.gaoding.h5.controller.member.MemberCollectionController.collectionStoreList(javax.servlet.http.HttpServletRequest)
15:50:44,633 INFO [org.springframework.web.servlet.mvc.method.annotation.RequestMappingHandlerMapping] - Mapped "{[/fuwu/collection],methods=[GET],params=[],headers=[],consumes=[],produces=[],custom=[]}" onto public java.lang.String com.gaoding.h5.controller.member.MemberCollectionController.collectionFuwuList(javax.servlet.http.HttpServletRequest)
15:50:44,633 INFO [org.springframework.web.servlet.mvc.method.annotation.RequestMappingHandlerMapping] - Mapped "{[/member/me],methods=[GET],params=[],headers=[],consumes=[],produces=[],custom=[]}" onto public java.lang.String com.gaoding.h5.controller.member.MemberController.meView()
15:50:44,634 INFO [org.springframework.web.servlet.mvc.method.annotation.RequestMappingHandlerMapping] - Mapped "{[/member/profile],methods=[GET],params=[],headers=[],consumes=[],produces=[],custom=[]}" onto public java.lang.String com.gaoding.h5.controller.member.MemberProfileController.profile(javax.servlet.http.HttpServletRequest)
15:50:44,634 INFO [org.springframework.web.servlet.mvc.method.annotation.RequestMappingHandlerMapping] - Mapped "{[/member/save/profile],methods=[POST],params=[],headers=[],consumes=[],produces=[],custom=[]}" onto public java.lang.String com.gaoding.h5.controller.member.MemberProfileController.saveProfile(javax.servlet.http.HttpServletRequest)
15:50:44,635 INFO [org.springframework.web.servlet.mvc.method.annotation.RequestMappingHandlerMapping] - Mapped "{[/order/{orderNo}/generate],methods=[POST],params=[],headers=[],consumes=[],produces=[],custom=[]}" onto public java.lang.String com.gaoding.h5.controller.order.BuildOrderController.post(javax.servlet.http.HttpServletRequest,java.lang.String)
15:50:44,635 INFO [org.springframework.web.servlet.mvc.method.annotation.RequestMappingHandlerMapping] - Mapped "{[/order/fuwu/{fuwuId}/buy],methods=[GET],params=[],headers=[],consumes=[],produces=[],custom=[]}" onto public java.lang.String com.gaoding.h5.controller.order.BuildOrderController.fillInfoView(javax.servlet.http.HttpServletRequest,int)
15:50:44,635 INFO [org.springframework.web.servlet.mvc.method.annotation.RequestMappingHandlerMapping] - Mapped "{[/order/{orderNo}/info],methods=[POST],params=[],headers=[],consumes=[],produces=[],custom=[]}" onto public java.lang.String com.gaoding.h5.controller.order.BuildOrderController.postMemberInfo(javax.servlet.http.HttpServletRequest,java.lang.String)
15:50:44,635 INFO [org.springframework.web.servlet.mvc.method.annotation.RequestMappingHandlerMapping] - Mapped "{[/order/{orderNo}/demand],methods=[GET],params=[],headers=[],consumes=[],produces=[],custom=[]}" onto public java.lang.String com.gaoding.h5.controller.order.BuildOrderController.demandView(javax.servlet.http.HttpServletRequest,java.lang.String)
15:50:44,635 INFO [org.springframework.web.servlet.mvc.method.annotation.RequestMappingHandlerMapping] - Mapped "{[/order/{orderNo}/demand],methods=[POST],params=[],headers=[],consumes=[],produces=[],custom=[]}" onto public java.lang.String com.gaoding.h5.controller.order.BuildOrderController.postDemand(javax.servlet.http.HttpServletRequest,java.lang.String)
15:50:44,635 INFO [org.springframework.web.servlet.mvc.method.annotation.RequestMappingHandlerMapping] - Mapped "{[/order/{orderNo}/generate],methods=[GET],params=[],headers=[],consumes=[],produces=[],custom=[]}" onto public java.lang.String com.gaoding.h5.controller.order.BuildOrderController.buildOrderView(javax.servlet.http.HttpServletRequest,java.lang.String)
15:50:44,635 INFO [org.springframework.web.servlet.mvc.method.annotation.RequestMappingHandlerMapping] - Mapped "{[/order/{orderNo}/buyer/confirm],methods=[],params=[],headers=[],consumes=[],produces=[],custom=[]}" onto public java.lang.String com.gaoding.h5.controller.order.BuyerHandleOrderController.buyerConfirm(javax.servlet.http.HttpServletRequest,java.lang.String)
15:50:44,636 INFO [org.springframework.web.servlet.mvc.method.annotation.RequestMappingHandlerMapping] - Mapped "{[/order/{orderNo}/comment],methods=[POST],params=[],headers=[],consumes=[],produces=[],custom=[]}" onto public java.lang.String com.gaoding.h5.controller.order.OrderCommentController.comment(javax.servlet.http.HttpServletRequest,java.lang.String)
15:50:44,636 INFO [org.springframework.web.servlet.mvc.method.annotation.RequestMappingHandlerMapping] - Mapped "{[/order/{orderNo}/comment],methods=[GET],params=[],headers=[],consumes=[],produces=[],custom=[]}" onto public java.lang.String com.gaoding.h5.controller.order.OrderCommentController.commentView(javax.servlet.http.HttpServletRequest,java.lang.String)
15:50:44,636 INFO [org.springframework.web.servlet.mvc.method.annotation.RequestMappingHandlerMapping] - Mapped "{[/order/{orderNo}/detail],methods=[GET],params=[],headers=[],consumes=[],produces=[],custom=[]}" onto public java.lang.String com.gaoding.h5.controller.order.OrderDetailController.orderDetail(javax.servlet.http.HttpServletRequest,java.lang.String)
15:50:44,637 INFO [org.springframework.web.servlet.mvc.method.annotation.RequestMappingHandlerMapping] - Mapped "{[/order/list],methods=[],params=[],headers=[],consumes=[],produces=[],custom=[]}" onto public java.lang.String com.gaoding.h5.controller.order.OrderListController.list(javax.servlet.http.HttpServletRequest)
15:50:44,637 INFO [org.springframework.web.servlet.mvc.method.annotation.RequestMappingHandlerMapping] - Mapped "{[/order/buyer/list],methods=[],params=[],headers=[],consumes=[],produces=[],custom=[]}" onto public java.lang.String com.gaoding.h5.controller.order.OrderListController.buyerList(javax.servlet.http.HttpServletRequest)
15:50:44,637 INFO [org.springframework.web.servlet.mvc.method.annotation.RequestMappingHandlerMapping] - Mapped "{[/order/seller/list],methods=[],params=[],headers=[],consumes=[],produces=[],custom=[]}" onto public java.lang.String com.gaoding.h5.controller.order.OrderListController.sellerlist(javax.servlet.http.HttpServletRequest)
15:50:44,637 INFO [org.springframework.web.servlet.mvc.method.annotation.RequestMappingHandlerMapping] - Mapped "{[/order/weixinpay],methods=[GET],params=[],headers=[],consumes=[],produces=[],custom=[]}" onto public java.lang.String com.gaoding.h5.controller.order.OrderWeixinpayController.payView(javax.servlet.http.HttpServletRequest,java.lang.String)
15:50:44,637 INFO [org.springframework.web.servlet.mvc.method.annotation.RequestMappingHandlerMapping] - Mapped "{[/order/{orderNo}/seller/complete],methods=[],params=[],headers=[],consumes=[],produces=[],custom=[]}" onto public java.lang.String com.gaoding.h5.controller.order.SellerHandleOrderController.completeOrderPhase(javax.servlet.http.HttpServletRequest,java.lang.String)
15:50:44,638 INFO [org.springframework.web.servlet.mvc.method.annotation.RequestMappingHandlerMapping] - Mapped "{[/order/{orderNo}/seller/accept],methods=[],params=[],headers=[],consumes=[],produces=[],custom=[]}" onto public java.lang.String com.gaoding.h5.controller.order.SellerHandleOrderController.acceptOrder(javax.servlet.http.HttpServletRequest,java.lang.String)
15:50:44,638 INFO [org.springframework.web.servlet.mvc.method.annotation.RequestMappingHandlerMapping] - Mapped "{[/order/{orderNo}/seller/refuse],methods=[],params=[],headers=[],consumes=[],produces=[],custom=[]}" onto public java.lang.String com.gaoding.h5.controller.order.SellerHandleOrderController.refuseOrder(javax.servlet.http.HttpServletRequest,java.lang.String)
15:50:44,638 INFO [org.springframework.web.servlet.mvc.method.annotation.RequestMappingHandlerMapping] - Mapped "{[/order/{orderNo}/change/price],methods=[POST],params=[],headers=[],consumes=[],produces=[],custom=[]}" onto public java.lang.String com.gaoding.h5.controller.order.SellerHandleOrderController.changePrice(javax.servlet.http.HttpServletRequest,java.lang.String)
15:50:44,638 INFO [org.springframework.web.servlet.mvc.method.annotation.RequestMappingHandlerMapping] - Mapped "{[/seller/{sellerId}/ask],methods=[POST],params=[],headers=[],consumes=[],produces=[],custom=[]}" onto public java.lang.String com.gaoding.h5.controller.store.AskController.ask(javax.servlet.http.HttpServletRequest,int)
15:50:44,638 INFO [org.springframework.web.servlet.mvc.method.annotation.RequestMappingHandlerMapping] - Mapped "{[/seller/{sellerId}/ask],methods=[GET],params=[],headers=[],consumes=[],produces=[],custom=[]}" onto public java.lang.String com.gaoding.h5.controller.store.AskController.askView(javax.servlet.http.HttpServletRequest,int)
15:50:44,639 INFO [org.springframework.web.servlet.mvc.method.annotation.RequestMappingHandlerMapping] - Mapped "{[/store/{storeId}/collect],methods=[],params=[],headers=[],consumes=[],produces=[],custom=[]}" onto public java.lang.String com.gaoding.h5.controller.store.StoreController.collect(javax.servlet.http.HttpServletRequest,int)
15:50:44,639 INFO [org.springframework.web.servlet.mvc.method.annotation.RequestMappingHandlerMapping] - Mapped "{[/store/{storeId}],methods=[GET],params=[],headers=[],consumes=[],produces=[],custom=[]}" onto public java.lang.String com.gaoding.h5.controller.store.StoreController.storeView(javax.servlet.http.HttpServletRequest,int)
15:50:44,640 INFO [org.springframework.web.servlet.mvc.method.annotation.RequestMappingHandlerMapping] - Mapped "{[/weixin/index],methods=[GET],params=[],headers=[],consumes=[],produces=[],custom=[]}" onto public java.lang.String com.gaoding.h5.controller.weixin.WeixinController.handleIndexGetRequest(javax.servlet.http.HttpServletRequest)
15:50:44,640 INFO [org.springframework.web.servlet.mvc.method.annotation.RequestMappingHandlerMapping] - Mapped "{[/weixin/index],methods=[POST],params=[],headers=[],consumes=[],produces=[],custom=[]}" onto public java.lang.String com.gaoding.h5.controller.weixin.WeixinController.handleIndexPostRequest(javax.servlet.http.HttpServletRequest)
15:50:44,640 INFO [org.springframework.web.servlet.mvc.method.annotation.RequestMappingHandlerMapping] - Mapped "{[/weixin/pay/callback],methods=[],params=[],headers=[],consumes=[],produces=[],custom=[]}" onto public java.lang.String com.gaoding.h5.controller.weixin.WeixinPayCallbackController.payCallback(javax.servlet.http.HttpServletRequest,javax.servlet.http.HttpServletResponse)
15:50:44,869 INFO [org.springframework.web.servlet.mvc.method.annotation.RequestMappingHandlerAdapter] - Looking for @ControllerAdvice: WebApplicationContext for namespace 'spring-servlet': startup date [Mon Nov 30 15:50:44 CST 2015]; parent: Root WebApplicationContext
15:50:44,895 INFO [org.springframework.web.servlet.mvc.method.annotation.RequestMappingHandlerAdapter] - Looking for @ControllerAdvice: WebApplicationContext for namespace 'spring-servlet': startup date [Mon Nov 30 15:50:44 CST 2015]; parent: Root WebApplicationContext
15:50:44,925 INFO [org.springframework.web.servlet.mvc.method.annotation.ExceptionHandlerExceptionResolver] - Detected @ExceptionHandler methods in exceptionHandlerAdvice
15:50:44,963 INFO [com.gaoding.framework.conf.Config] - load properties config file [/server.properties].
15:50:44,964 INFO [com.gaoding.framework.conf.Config] - load properties config file [/weixin.properties].
15:50:45,017 INFO [org.springframework.web.servlet.view.velocity.VelocityConfigurer] - Loading Velocity config from [class path resource [velocity.properties]]
15:50:45,037 INFO [org.springframework.web.servlet.view.velocity.VelocityConfigurer] - ClasspathResourceLoader with name 'springMacro' added to configured VelocityEngine
15:50:45,131 INFO [org.springframework.web.servlet.DispatcherServlet] - FrameworkServlet 'spring': initialization completed in 824 ms
15:51:24,290 INFO [org.springframework.web.context.ContextLoader] - Root WebApplicationContext: initialization started
15:51:24,339 INFO [org.springframework.web.context.support.XmlWebApplicationContext] - Refreshing Root WebApplicationContext: startup date [Mon Nov 30 15:51:24 CST 2015]; root of context hierarchy
15:51:24,368 INFO [org.springframework.beans.factory.xml.XmlBeanDefinitionReader] - Loading XML bean definitions from class path resource [spring.xml]
15:51:24,507 INFO [org.springframework.beans.factory.xml.XmlBeanDefinitionReader] - Loading XML bean definitions from class path resource [spring-jdbc.xml]
15:51:24,522 INFO [org.springframework.beans.factory.xml.XmlBeanDefinitionReader] - Loading XML bean definitions from class path resource [spring-tx.xml]
15:51:24,670 INFO [org.springframework.beans.factory.config.PropertiesFactoryBean] - Loading properties file from class path resource [jdbc.properties]
15:51:24,670 INFO [org.springframework.beans.factory.config.PropertiesFactoryBean] - Loading properties file from class path resource [redis.properties]
15:51:24,670 INFO [org.springframework.beans.factory.config.PropertiesFactoryBean] - Loading properties file from class path resource [upyun.properties]
15:51:24,685 INFO [org.springframework.beans.factory.annotation.AutowiredAnnotationBeanPostProcessor] - JSR-330 'javax.inject.Inject' annotation found and supported for autowiring
15:51:24,687 INFO [org.springframework.beans.factory.annotation.AutowiredAnnotationBeanPostProcessor] - JSR-330 'javax.inject.Inject' annotation found and supported for autowiring
15:51:34,026 INFO [org.springframework.web.context.ContextLoader] - Root WebApplicationContext: initialization started
15:51:34,074 INFO [org.springframework.web.context.support.XmlWebApplicationContext] - Refreshing Root WebApplicationContext: startup date [Mon Nov 30 15:51:34 CST 2015]; root of context hierarchy
15:51:34,103 INFO [org.springframework.beans.factory.xml.XmlBeanDefinitionReader] - Loading XML bean definitions from class path resource [spring.xml]
15:51:34,240 INFO [org.springframework.beans.factory.xml.XmlBeanDefinitionReader] - Loading XML bean definitions from class path resource [spring-jdbc.xml]
15:51:34,254 INFO [org.springframework.beans.factory.xml.XmlBeanDefinitionReader] - Loading XML bean definitions from class path resource [spring-tx.xml]
15:51:34,391 INFO [org.springframework.beans.factory.config.PropertiesFactoryBean] - Loading properties file from class path resource [jdbc.properties]
15:51:34,391 INFO [org.springframework.beans.factory.config.PropertiesFactoryBean] - Loading properties file from class path resource [redis.properties]
15:51:34,391 INFO [org.springframework.beans.factory.config.PropertiesFactoryBean] - Loading properties file from class path resource [upyun.properties]
15:51:34,406 INFO [org.springframework.beans.factory.annotation.AutowiredAnnotationBeanPostProcessor] - JSR-330 'javax.inject.Inject' annotation found and supported for autowiring
15:51:34,407 INFO [org.springframework.beans.factory.annotation.AutowiredAnnotationBeanPostProcessor] - JSR-330 'javax.inject.Inject' annotation found and supported for autowiring
15:51:34,591 INFO [com.mchange.v2.log.MLog] - MLog clients using log4j logging.
15:51:34,619 INFO [com.mchange.v2.c3p0.C3P0Registry] - Initializing c3p0-0.9.2.1 [built 20-March-2013 10:47:27 +0000; debug? true; trace: 10]
15:51:34,960 INFO [org.springframework.web.context.ContextLoader] - Root WebApplicationContext: initialization completed in 933 ms
15:51:34,977 INFO [org.springframework.web.servlet.DispatcherServlet] - FrameworkServlet 'spring': initialization started
15:51:34,979 INFO [org.springframework.web.context.support.XmlWebApplicationContext] - Refreshing WebApplicationContext for namespace 'spring-servlet': startup date [Mon Nov 30 15:51:34 CST 2015]; parent: Root WebApplicationContext
15:51:34,979 INFO [org.springframework.beans.factory.xml.XmlBeanDefinitionReader] - Loading XML bean definitions from class path resource [spring-mvc.xml]
15:51:35,069 INFO [org.springframework.beans.factory.annotation.AutowiredAnnotationBeanPostProcessor] - JSR-330 'javax.inject.Inject' annotation found and supported for autowiring
15:51:35,229 INFO [org.springframework.web.servlet.mvc.method.annotation.RequestMappingHandlerMapping] - Mapped "{[/ajax/address],methods=[GET],params=[],headers=[],consumes=[],produces=[],custom=[]}" onto public java.lang.String com.gaoding.h5.controller.common.ajax.AddressController.allAddress()
15:51:35,229 INFO [org.springframework.web.servlet.mvc.method.annotation.RequestMappingHandlerMapping] - Mapped "{[/ajax/industry],methods=[GET],params=[],headers=[],consumes=[],produces=[],custom=[]}" onto public java.lang.String com.gaoding.h5.controller.common.ajax.IndustryController.allIndustry()
15:51:35,230 INFO [org.springframework.web.servlet.mvc.method.annotation.RequestMappingHandlerMapping] - Mapped "{[/error],methods=[],params=[],headers=[],consumes=[],produces=[],custom=[]}" onto public java.lang.String com.gaoding.h5.controller.exception.ExceptionController.error()
15:51:35,231 INFO [org.springframework.web.servlet.mvc.method.annotation.RequestMappingHandlerMapping] - Mapped "{[/fuwu/{fuwuId}/collect],methods=[POST],params=[],headers=[],consumes=[],produces=[],custom=[]}" onto public java.lang.String com.gaoding.h5.controller.fuwu.FuwuCollectionController.collect(javax.servlet.http.HttpServletRequest,int)
15:51:35,232 INFO [org.springframework.web.servlet.mvc.method.annotation.RequestMappingHandlerMapping] - Mapped "{[/index],methods=[],params=[],headers=[],consumes=[],produces=[],custom=[]}" onto public java.lang.String com.gaoding.h5.controller.fuwu.FuwuController.index(org.springframework.ui.ModelMap)
15:51:35,232 INFO [org.springframework.web.servlet.mvc.method.annotation.RequestMappingHandlerMapping] - Mapped "{[/fuwu/{fuwuId}/detail],methods=[],params=[],headers=[],consumes=[],produces=[],custom=[]}" onto public java.lang.String com.gaoding.h5.controller.fuwu.FuwuController.detail(javax.servlet.http.HttpServletRequest,int)
15:51:35,232 INFO [org.springframework.web.servlet.mvc.method.annotation.RequestMappingHandlerMapping] - Mapped "{[/fuwu/industry/{industryId}],methods=[],params=[],headers=[],consumes=[],produces=[],custom=[]}" onto public java.lang.String com.gaoding.h5.controller.fuwu.FuwuListController.fuwuList(javax.servlet.http.HttpServletRequest,int)
15:51:35,233 INFO [org.springframework.web.servlet.mvc.method.annotation.RequestMappingHandlerMapping] - Mapped "{[/login],methods=[POST],params=[],headers=[],consumes=[],produces=[],custom=[]}" onto public java.lang.String com.gaoding.h5.controller.login.LoginController.login(javax.servlet.http.HttpServletRequest,javax.servlet.http.HttpServletResponse)
15:51:35,233 INFO [org.springframework.web.servlet.mvc.method.annotation.RequestMappingHandlerMapping] - Mapped "{[/logout],methods=[],params=[],headers=[],consumes=[],produces=[],custom=[]}" onto public java.lang.String com.gaoding.h5.controller.login.LoginController.logout(javax.servlet.http.HttpServletRequest,javax.servlet.http.HttpServletResponse)
15:51:35,233 INFO [org.springframework.web.servlet.mvc.method.annotation.RequestMappingHandlerMapping] - Mapped "{[/ajax/send/code],methods=[],params=[],headers=[],consumes=[],produces=[],custom=[]}" onto public java.lang.String com.gaoding.h5.controller.login.LoginController.sendVerificationCode(javax.servlet.http.HttpServletRequest)
15:51:35,234 INFO [org.springframework.web.servlet.mvc.method.annotation.RequestMappingHandlerMapping] - Mapped "{[/login],methods=[GET],params=[],headers=[],consumes=[],produces=[],custom=[]}" onto public java.lang.String com.gaoding.h5.controller.login.LoginController.loginView(javax.servlet.http.HttpServletRequest)
15:51:35,234 INFO [org.springframework.web.servlet.mvc.method.annotation.RequestMappingHandlerMapping] - Mapped "{[/attend/index],methods=[],params=[],headers=[],consumes=[],produces=[],custom=[]}" onto public java.lang.String com.gaoding.h5.controller.member.AttendMemberController.index()
15:51:35,234 INFO [org.springframework.web.servlet.mvc.method.annotation.RequestMappingHandlerMapping] - Mapped "{[/attend/attend],methods=[],params=[],headers=[],consumes=[],produces=[],custom=[]}" onto public java.lang.String com.gaoding.h5.controller.member.AttendMemberController.attend(com.gaoding.domain.po.member.AttendMember)
15:51:35,235 INFO [org.springframework.web.servlet.mvc.method.annotation.RequestMappingHandlerMapping] - Mapped "{[/member/balance],methods=[],params=[],headers=[],consumes=[],produces=[],custom=[]}" onto public java.lang.String com.gaoding.h5.controller.member.MemberAccountController.balance(javax.servlet.http.HttpServletRequest)
15:51:35,235 INFO [org.springframework.web.servlet.mvc.method.annotation.RequestMappingHandlerMapping] - Mapped "{[/member/balance/detail],methods=[],params=[],headers=[],consumes=[],produces=[],custom=[]}" onto public java.lang.String com.gaoding.h5.controller.member.MemberAccountController.balanceList(javax.servlet.http.HttpServletRequest,int)
15:51:35,235 INFO [org.springframework.web.servlet.mvc.method.annotation.RequestMappingHandlerMapping] - Mapped "{[/member/apply/seller],methods=[],params=[],headers=[],consumes=[],produces=[],custom=[]}" onto public java.lang.String com.gaoding.h5.controller.member.MemberApplySellerController.applySeller(javax.servlet.http.HttpServletRequest)
15:51:35,236 INFO [org.springframework.web.servlet.mvc.method.annotation.RequestMappingHandlerMapping] - Mapped "{[/store/collection],methods=[GET],params=[],headers=[],consumes=[],produces=[],custom=[]}" onto public java.lang.String com.gaoding.h5.controller.member.MemberCollectionController.collectionStoreList(javax.servlet.http.HttpServletRequest)
15:51:35,236 INFO [org.springframework.web.servlet.mvc.method.annotation.RequestMappingHandlerMapping] - Mapped "{[/fuwu/collection],methods=[GET],params=[],headers=[],consumes=[],produces=[],custom=[]}" onto public java.lang.String com.gaoding.h5.controller.member.MemberCollectionController.collectionFuwuList(javax.servlet.http.HttpServletRequest)
15:51:35,236 INFO [org.springframework.web.servlet.mvc.method.annotation.RequestMappingHandlerMapping] - Mapped "{[/member/me],methods=[GET],params=[],headers=[],consumes=[],produces=[],custom=[]}" onto public java.lang.String com.gaoding.h5.controller.member.MemberController.meView()
15:51:35,237 INFO [org.springframework.web.servlet.mvc.method.annotation.RequestMappingHandlerMapping] - Mapped "{[/member/profile],methods=[GET],params=[],headers=[],consumes=[],produces=[],custom=[]}" onto public java.lang.String com.gaoding.h5.controller.member.MemberProfileController.profile(javax.servlet.http.HttpServletRequest)
15:51:35,237 INFO [org.springframework.web.servlet.mvc.method.annotation.RequestMappingHandlerMapping] - Mapped "{[/member/save/profile],methods=[POST],params=[],headers=[],consumes=[],produces=[],custom=[]}" onto public java.lang.String com.gaoding.h5.controller.member.MemberProfileController.saveProfile(javax.servlet.http.HttpServletRequest)
15:51:35,238 INFO [org.springframework.web.servlet.mvc.method.annotation.RequestMappingHandlerMapping] - Mapped "{[/order/{orderNo}/generate],methods=[POST],params=[],headers=[],consumes=[],produces=[],custom=[]}" onto public java.lang.String com.gaoding.h5.controller.order.BuildOrderController.post(javax.servlet.http.HttpServletRequest,java.lang.String)
15:51:35,238 INFO [org.springframework.web.servlet.mvc.method.annotation.RequestMappingHandlerMapping] - Mapped "{[/order/fuwu/{fuwuId}/buy],methods=[GET],params=[],headers=[],consumes=[],produces=[],custom=[]}" onto public java.lang.String com.gaoding.h5.controller.order.BuildOrderController.fillInfoView(javax.servlet.http.HttpServletRequest,int)
15:51:35,238 INFO [org.springframework.web.servlet.mvc.method.annotation.RequestMappingHandlerMapping] - Mapped "{[/order/{orderNo}/info],methods=[POST],params=[],headers=[],consumes=[],produces=[],custom=[]}" onto public java.lang.String com.gaoding.h5.controller.order.BuildOrderController.postMemberInfo(javax.servlet.http.HttpServletRequest,java.lang.String)
15:51:35,238 INFO [org.springframework.web.servlet.mvc.method.annotation.RequestMappingHandlerMapping] - Mapped "{[/order/{orderNo}/demand],methods=[GET],params=[],headers=[],consumes=[],produces=[],custom=[]}" onto public java.lang.String com.gaoding.h5.controller.order.BuildOrderController.demandView(javax.servlet.http.HttpServletRequest,java.lang.String)
15:51:35,238 INFO [org.springframework.web.servlet.mvc.method.annotation.RequestMappingHandlerMapping] - Mapped "{[/order/{orderNo}/demand],methods=[POST],params=[],headers=[],consumes=[],produces=[],custom=[]}" onto public java.lang.String com.gaoding.h5.controller.order.BuildOrderController.postDemand(javax.servlet.http.HttpServletRequest,java.lang.String)
15:51:35,238 INFO [org.springframework.web.servlet.mvc.method.annotation.RequestMappingHandlerMapping] - Mapped "{[/order/{orderNo}/generate],methods=[GET],params=[],headers=[],consumes=[],produces=[],custom=[]}" onto public java.lang.String com.gaoding.h5.controller.order.BuildOrderController.buildOrderView(javax.servlet.http.HttpServletRequest,java.lang.String)
15:51:35,238 INFO [org.springframework.web.servlet.mvc.method.annotation.RequestMappingHandlerMapping] - Mapped "{[/order/{orderNo}/buyer/confirm],methods=[],params=[],headers=[],consumes=[],produces=[],custom=[]}" onto public java.lang.String com.gaoding.h5.controller.order.BuyerHandleOrderController.buyerConfirm(javax.servlet.http.HttpServletRequest,java.lang.String)
15:51:35,239 INFO [org.springframework.web.servlet.mvc.method.annotation.RequestMappingHandlerMapping] - Mapped "{[/order/{orderNo}/comment],methods=[POST],params=[],headers=[],consumes=[],produces=[],custom=[]}" onto public java.lang.String com.gaoding.h5.controller.order.OrderCommentController.comment(javax.servlet.http.HttpServletRequest,java.lang.String)
15:51:35,239 INFO [org.springframework.web.servlet.mvc.method.annotation.RequestMappingHandlerMapping] - Mapped "{[/order/{orderNo}/comment],methods=[GET],params=[],headers=[],consumes=[],produces=[],custom=[]}" onto public java.lang.String com.gaoding.h5.controller.order.OrderCommentController.commentView(javax.servlet.http.HttpServletRequest,java.lang.String)
15:51:35,239 INFO [org.springframework.web.servlet.mvc.method.annotation.RequestMappingHandlerMapping] - Mapped "{[/order/{orderNo}/detail],methods=[GET],params=[],headers=[],consumes=[],produces=[],custom=[]}" onto public java.lang.String com.gaoding.h5.controller.order.OrderDetailController.orderDetail(javax.servlet.http.HttpServletRequest,java.lang.String)
15:51:35,240 INFO [org.springframework.web.servlet.mvc.method.annotation.RequestMappingHandlerMapping] - Mapped "{[/order/list],methods=[],params=[],headers=[],consumes=[],produces=[],custom=[]}" onto public java.lang.String com.gaoding.h5.controller.order.OrderListController.list(javax.servlet.http.HttpServletRequest)
15:51:35,240 INFO [org.springframework.web.servlet.mvc.method.annotation.RequestMappingHandlerMapping] - Mapped "{[/order/buyer/list],methods=[],params=[],headers=[],consumes=[],produces=[],custom=[]}" onto public java.lang.String com.gaoding.h5.controller.order.OrderListController.buyerList(javax.servlet.http.HttpServletRequest)
15:51:35,240 INFO [org.springframework.web.servlet.mvc.method.annotation.RequestMappingHandlerMapping] - Mapped "{[/order/seller/list],methods=[],params=[],headers=[],consumes=[],produces=[],custom=[]}" onto public java.lang.String com.gaoding.h5.controller.order.OrderListController.sellerlist(javax.servlet.http.HttpServletRequest)
15:51:35,240 INFO [org.springframework.web.servlet.mvc.method.annotation.RequestMappingHandlerMapping] - Mapped "{[/order/weixinpay],methods=[GET],params=[],headers=[],consumes=[],produces=[],custom=[]}" onto public java.lang.String com.gaoding.h5.controller.order.OrderWeixinpayController.payView(javax.servlet.http.HttpServletRequest,java.lang.String)
15:51:35,241 INFO [org.springframework.web.servlet.mvc.method.annotation.RequestMappingHandlerMapping] - Mapped "{[/order/{orderNo}/seller/complete],methods=[],params=[],headers=[],consumes=[],produces=[],custom=[]}" onto public java.lang.String com.gaoding.h5.controller.order.SellerHandleOrderController.completeOrderPhase(javax.servlet.http.HttpServletRequest,java.lang.String)
15:51:35,241 INFO [org.springframework.web.servlet.mvc.method.annotation.RequestMappingHandlerMapping] - Mapped "{[/order/{orderNo}/change/price],methods=[POST],params=[],headers=[],consumes=[],produces=[],custom=[]}" onto public java.lang.String com.gaoding.h5.controller.order.SellerHandleOrderController.changePrice(javax.servlet.http.HttpServletRequest,java.lang.String)
15:51:35,241 INFO [org.springframework.web.servlet.mvc.method.annotation.RequestMappingHandlerMapping] - Mapped "{[/order/{orderNo}/seller/accept],methods=[],params=[],headers=[],consumes=[],produces=[],custom=[]}" onto public java.lang.String com.gaoding.h5.controller.order.SellerHandleOrderController.acceptOrder(javax.servlet.http.HttpServletRequest,java.lang.String)
15:51:35,241 INFO [org.springframework.web.servlet.mvc.method.annotation.RequestMappingHandlerMapping] - Mapped "{[/order/{orderNo}/seller/refuse],methods=[],params=[],headers=[],consumes=[],produces=[],custom=[]}" onto public java.lang.String com.gaoding.h5.controller.order.SellerHandleOrderController.refuseOrder(javax.servlet.http.HttpServletRequest,java.lang.String)
15:51:35,242 INFO [org.springframework.web.servlet.mvc.method.annotation.RequestMappingHandlerMapping] - Mapped "{[/seller/{sellerId}/ask],methods=[GET],params=[],headers=[],consumes=[],produces=[],custom=[]}" onto public java.lang.String com.gaoding.h5.controller.store.AskController.askView(javax.servlet.http.HttpServletRequest,int)
15:51:35,242 INFO [org.springframework.web.servlet.mvc.method.annotation.RequestMappingHandlerMapping] - Mapped "{[/seller/{sellerId}/ask],methods=[POST],params=[],headers=[],consumes=[],produces=[],custom=[]}" onto public java.lang.String com.gaoding.h5.controller.store.AskController.ask(javax.servlet.http.HttpServletRequest,int)
15:51:35,242 INFO [org.springframework.web.servlet.mvc.method.annotation.RequestMappingHandlerMapping] - Mapped "{[/store/{storeId}/collect],methods=[],params=[],headers=[],consumes=[],produces=[],custom=[]}" onto public java.lang.String com.gaoding.h5.controller.store.StoreController.collect(javax.servlet.http.HttpServletRequest,int)
15:51:35,242 INFO [org.springframework.web.servlet.mvc.method.annotation.RequestMappingHandlerMapping] - Mapped "{[/store/{storeId}],methods=[GET],params=[],headers=[],consumes=[],produces=[],custom=[]}" onto public java.lang.String com.gaoding.h5.controller.store.StoreController.storeView(javax.servlet.http.HttpServletRequest,int)
15:51:35,243 INFO [org.springframework.web.servlet.mvc.method.annotation.RequestMappingHandlerMapping] - Mapped "{[/weixin/index],methods=[GET],params=[],headers=[],consumes=[],produces=[],custom=[]}" onto public java.lang.String com.gaoding.h5.controller.weixin.WeixinController.handleIndexGetRequest(javax.servlet.http.HttpServletRequest)
15:51:35,243 INFO [org.springframework.web.servlet.mvc.method.annotation.RequestMappingHandlerMapping] - Mapped "{[/weixin/index],methods=[POST],params=[],headers=[],consumes=[],produces=[],custom=[]}" onto public java.lang.String com.gaoding.h5.controller.weixin.WeixinController.handleIndexPostRequest(javax.servlet.http.HttpServletRequest)
15:51:35,243 INFO [org.springframework.web.servlet.mvc.method.annotation.RequestMappingHandlerMapping] - Mapped "{[/weixin/pay/callback],methods=[],params=[],headers=[],consumes=[],produces=[],custom=[]}" onto public java.lang.String com.gaoding.h5.controller.weixin.WeixinPayCallbackController.payCallback(javax.servlet.http.HttpServletRequest,javax.servlet.http.HttpServletResponse)
15:51:35,323 INFO [org.springframework.web.servlet.mvc.method.annotation.RequestMappingHandlerAdapter] - Looking for @ControllerAdvice: WebApplicationContext for namespace 'spring-servlet': startup date [Mon Nov 30 15:51:34 CST 2015]; parent: Root WebApplicationContext
15:51:35,350 INFO [org.springframework.web.servlet.mvc.method.annotation.RequestMappingHandlerAdapter] - Looking for @ControllerAdvice: WebApplicationContext for namespace 'spring-servlet': startup date [Mon Nov 30 15:51:34 CST 2015]; parent: Root WebApplicationContext
15:51:35,372 INFO [org.springframework.web.servlet.mvc.method.annotation.ExceptionHandlerExceptionResolver] - Detected @ExceptionHandler methods in exceptionHandlerAdvice
15:51:35,413 INFO [com.gaoding.framework.conf.Config] - load properties config file [/server.properties].
15:51:35,414 INFO [com.gaoding.framework.conf.Config] - load properties config file [/weixin.properties].
15:51:35,459 INFO [org.springframework.web.servlet.view.velocity.VelocityConfigurer] - Loading Velocity config from [class path resource [velocity.properties]]
15:51:35,461 INFO [org.springframework.web.servlet.view.velocity.VelocityConfigurer] - ClasspathResourceLoader with name 'springMacro' added to configured VelocityEngine
15:51:35,541 INFO [org.springframework.web.servlet.DispatcherServlet] - FrameworkServlet 'spring': initialization completed in 564 ms
15:51:55,988 INFO [com.mchange.v2.c3p0.impl.AbstractPoolBackedDataSource] - Initializing c3p0 pool... com.mchange.v2.c3p0.ComboPooledDataSource [ acquireIncrement -> 2, acquireRetryAttempts -> 120, acquireRetryDelay -> 1000, autoCommitOnClose -> false, automaticTestTable -> null, breakAfterAcquireFailure -> false, checkoutTimeout -> 320000, connectionCustomizerClassName -> null, connectionTesterClassName -> com.mchange.v2.c3p0.impl.DefaultConnectionTester, dataSourceName -> 1hge16d9do8rnx21yu2q4k|35c496, debugUnreturnedConnectionStackTraces -> false, description -> null, driverClass -> com.mysql.jdbc.Driver, factoryClassLocation -> null, forceIgnoreUnresolvedTransactions -> false, identityToken -> 1hge16d9do8rnx21yu2q4k|35c496, idleConnectionTestPeriod -> 120, initialPoolSize -> 10, jdbcUrl -> jdbc:mysql://192.168.1.16:3310/gaoding_member?jdbcCompliantTruncation=false, maxAdministrativeTaskTime -> 0, maxConnectionAge -> 0, maxIdleTime -> 600, maxIdleTimeExcessConnections -> 0, maxPoolSize -> 50, maxStatements -> 0, maxStatementsPerConnection -> 0, minPoolSize -> 10, numHelperThreads -> 3, preferredTestQuery -> null, properties -> {user=******, password=******}, propertyCycle -> 0, statementCacheNumDeferredCloseThreads -> 0, testConnectionOnCheckin -> false, testConnectionOnCheckout -> false, unreturnedConnectionTimeout -> 0, userOverrides -> {}, usesTraditionalReflectiveProxies -> false ]
15:51:56,274 INFO [com.mchange.v2.c3p0.impl.AbstractPoolBackedDataSource] - Initializing c3p0 pool... com.mchange.v2.c3p0.ComboPooledDataSource [ acquireIncrement -> 2, acquireRetryAttempts -> 120, acquireRetryDelay -> 1000, autoCommitOnClose -> false, automaticTestTable -> null, breakAfterAcquireFailure -> false, checkoutTimeout -> 320000, connectionCustomizerClassName -> null, connectionTesterClassName -> com.mchange.v2.c3p0.impl.DefaultConnectionTester, dataSourceName -> 1hge16d9do8rnx21yu2q4k|1b04b32, debugUnreturnedConnectionStackTraces -> false, description -> null, driverClass -> com.mysql.jdbc.Driver, factoryClassLocation -> null, forceIgnoreUnresolvedTransactions -> false, identityToken -> 1hge16d9do8rnx21yu2q4k|1b04b32, idleConnectionTestPeriod -> 120, initialPoolSize -> 10, jdbcUrl -> jdbc:mysql://192.168.1.16:3310/gaoding_trade?jdbcCompliantTruncation=false, maxAdministrativeTaskTime -> 0, maxConnectionAge -> 0, maxIdleTime -> 600, maxIdleTimeExcessConnections -> 0, maxPoolSize -> 50, maxStatements -> 0, maxStatementsPerConnection -> 0, minPoolSize -> 10, numHelperThreads -> 3, preferredTestQuery -> null, properties -> {user=******, password=******}, propertyCycle -> 0, statementCacheNumDeferredCloseThreads -> 0, testConnectionOnCheckin -> false, testConnectionOnCheckout -> false, unreturnedConnectionTimeout -> 0, userOverrides -> {}, usesTraditionalReflectiveProxies -> false ]
