09:05:23,548 INFO [org.springframework.web.context.ContextLoader] - Root WebApplicationContext: initialization started
09:05:23,608 INFO [org.springframework.web.context.support.XmlWebApplicationContext] - Refreshing Root WebApplicationContext: startup date [Fri Dec 04 09:05:23 CST 2015]; root of context hierarchy
09:05:23,641 INFO [org.springframework.beans.factory.xml.XmlBeanDefinitionReader] - Loading XML bean definitions from class path resource [spring.xml]
09:05:24,087 INFO [org.springframework.beans.factory.xml.XmlBeanDefinitionReader] - Loading XML bean definitions from class path resource [spring-sys.xml]
09:05:24,102 INFO [org.springframework.beans.factory.xml.XmlBeanDefinitionReader] - Loading XML bean definitions from class path resource [spring-tx.xml]
09:05:24,128 INFO [org.springframework.beans.factory.xml.XmlBeanDefinitionReader] - Loading XML bean definitions from class path resource [spring-aop.xml]
09:05:24,282 INFO [org.springframework.beans.factory.config.PropertiesFactoryBean] - Loading properties file from class path resource [jdbc.properties]
09:05:24,282 INFO [org.springframework.beans.factory.config.PropertiesFactoryBean] - Loading properties file from class path resource [redis.properties]
09:05:24,283 INFO [org.springframework.beans.factory.config.PropertiesFactoryBean] - Loading properties file from class path resource [upyun.properties]
09:05:24,283 INFO [org.springframework.beans.factory.config.PropertiesFactoryBean] - Loading properties file from class path resource [ytx.properties]
09:05:24,299 INFO [org.springframework.beans.factory.annotation.AutowiredAnnotationBeanPostProcessor] - JSR-330 'javax.inject.Inject' annotation found and supported for autowiring
09:05:24,300 INFO [org.springframework.beans.factory.annotation.AutowiredAnnotationBeanPostProcessor] - JSR-330 'javax.inject.Inject' annotation found and supported for autowiring
09:05:24,574 INFO [com.mchange.v2.log.MLog] - MLog clients using log4j logging.
09:05:24,603 INFO [com.mchange.v2.c3p0.C3P0Registry] - Initializing c3p0-0.9.2.1 [built 20-March-2013 10:47:27 +0000; debug? true; trace: 10]
09:05:25,085 INFO [org.springframework.web.context.ContextLoader] - Root WebApplicationContext: initialization completed in 1528 ms
09:05:25,102 INFO [org.springframework.web.servlet.DispatcherServlet] - FrameworkServlet 'spring': initialization started
09:05:25,104 INFO [org.springframework.web.context.support.XmlWebApplicationContext] - Refreshing WebApplicationContext for namespace 'spring-servlet': startup date [Fri Dec 04 09:05:25 CST 2015]; parent: Root WebApplicationContext
09:05:25,104 INFO [org.springframework.beans.factory.xml.XmlBeanDefinitionReader] - Loading XML bean definitions from class path resource [spring-mvc.xml]
09:05:25,199 INFO [org.springframework.beans.factory.annotation.AutowiredAnnotationBeanPostProcessor] - JSR-330 'javax.inject.Inject' annotation found and supported for autowiring
09:05:25,385 INFO [org.springframework.web.servlet.mvc.method.annotation.RequestMappingHandlerMapping] - Mapped "{[/ajax/address],methods=[GET],params=[],headers=[],consumes=[],produces=[],custom=[]}" onto public java.lang.String com.gaoding.h5.controller.common.ajax.AddressController.allAddress()
09:05:25,386 INFO [org.springframework.web.servlet.mvc.method.annotation.RequestMappingHandlerMapping] - Mapped "{[/ajax/industry],methods=[GET],params=[],headers=[],consumes=[],produces=[],custom=[]}" onto public java.lang.String com.gaoding.h5.controller.common.ajax.IndustryController.allIndustry()
09:05:25,386 INFO [org.springframework.web.servlet.mvc.method.annotation.RequestMappingHandlerMapping] - Mapped "{[/error],methods=[],params=[],headers=[],consumes=[],produces=[],custom=[]}" onto public java.lang.String com.gaoding.h5.controller.exception.ExceptionController.error()
09:05:25,388 INFO [org.springframework.web.servlet.mvc.method.annotation.RequestMappingHandlerMapping] - Mapped "{[/fuwu/case/{fuwuCaseId}],methods=[],params=[],headers=[],consumes=[],produces=[],custom=[]}" onto public java.lang.String com.gaoding.h5.controller.fuwu.FuwuCaseController.detail(org.springframework.ui.ModelMap,int)
09:05:25,389 INFO [org.springframework.web.servlet.mvc.method.annotation.RequestMappingHandlerMapping] - Mapped "{[/fuwu/{fuwuId}/collect],methods=[POST],params=[],headers=[],consumes=[],produces=[],custom=[]}" onto public java.lang.String com.gaoding.h5.controller.fuwu.FuwuCollectionController.collect(javax.servlet.http.HttpServletRequest,int)
09:05:25,389 INFO [org.springframework.web.servlet.mvc.method.annotation.RequestMappingHandlerMapping] - Mapped "{[/index],methods=[],params=[],headers=[],consumes=[],produces=[],custom=[]}" onto public java.lang.String com.gaoding.h5.controller.fuwu.FuwuController.index(org.springframework.ui.ModelMap)
09:05:25,389 INFO [org.springframework.web.servlet.mvc.method.annotation.RequestMappingHandlerMapping] - Mapped "{[/fuwu/{fuwuId}/detail],methods=[],params=[],headers=[],consumes=[],produces=[],custom=[]}" onto public java.lang.String com.gaoding.h5.controller.fuwu.FuwuController.detail(javax.servlet.http.HttpServletRequest,int)
09:05:25,390 INFO [org.springframework.web.servlet.mvc.method.annotation.RequestMappingHandlerMapping] - Mapped "{[/fuwu/industry/{industryId}],methods=[],params=[],headers=[],consumes=[],produces=[],custom=[]}" onto public java.lang.String com.gaoding.h5.controller.fuwu.FuwuListController.fuwuList(javax.servlet.http.HttpServletRequest,int)
09:05:25,390 INFO [org.springframework.web.servlet.mvc.method.annotation.RequestMappingHandlerMapping] - Mapped "{[/login],methods=[POST],params=[],headers=[],consumes=[],produces=[],custom=[]}" onto public java.lang.String com.gaoding.h5.controller.login.LoginController.login(javax.servlet.http.HttpServletRequest,javax.servlet.http.HttpServletResponse)
09:05:25,390 INFO [org.springframework.web.servlet.mvc.method.annotation.RequestMappingHandlerMapping] - Mapped "{[/logout],methods=[],params=[],headers=[],consumes=[],produces=[],custom=[]}" onto public java.lang.String com.gaoding.h5.controller.login.LoginController.logout(javax.servlet.http.HttpServletRequest,javax.servlet.http.HttpServletResponse)
09:05:25,390 INFO [org.springframework.web.servlet.mvc.method.annotation.RequestMappingHandlerMapping] - Mapped "{[/ajax/send/code],methods=[],params=[],headers=[],consumes=[],produces=[],custom=[]}" onto public java.lang.String com.gaoding.h5.controller.login.LoginController.sendVerificationCode(javax.servlet.http.HttpServletRequest)
09:05:25,391 INFO [org.springframework.web.servlet.mvc.method.annotation.RequestMappingHandlerMapping] - Mapped "{[/login],methods=[GET],params=[],headers=[],consumes=[],produces=[],custom=[]}" onto public java.lang.String com.gaoding.h5.controller.login.LoginController.loginView(javax.servlet.http.HttpServletRequest)
09:05:25,391 INFO [org.springframework.web.servlet.mvc.method.annotation.RequestMappingHandlerMapping] - Mapped "{[/attend/index],methods=[],params=[],headers=[],consumes=[],produces=[],custom=[]}" onto public java.lang.String com.gaoding.h5.controller.member.AttendMemberController.index()
09:05:25,391 INFO [org.springframework.web.servlet.mvc.method.annotation.RequestMappingHandlerMapping] - Mapped "{[/attend/attend],methods=[],params=[],headers=[],consumes=[],produces=[],custom=[]}" onto public java.lang.String com.gaoding.h5.controller.member.AttendMemberController.attend(com.gaoding.domain.po.member.AttendMember)
09:05:25,392 INFO [org.springframework.web.servlet.mvc.method.annotation.RequestMappingHandlerMapping] - Mapped "{[/member/balance/detail],methods=[],params=[],headers=[],consumes=[],produces=[],custom=[]}" onto public java.lang.String com.gaoding.h5.controller.member.MemberAccountController.balanceList(javax.servlet.http.HttpServletRequest,int)
09:05:25,392 INFO [org.springframework.web.servlet.mvc.method.annotation.RequestMappingHandlerMapping] - Mapped "{[/member/balance],methods=[],params=[],headers=[],consumes=[],produces=[],custom=[]}" onto public java.lang.String com.gaoding.h5.controller.member.MemberAccountController.balance(javax.servlet.http.HttpServletRequest)
09:05:25,392 INFO [org.springframework.web.servlet.mvc.method.annotation.RequestMappingHandlerMapping] - Mapped "{[/member/apply/seller],methods=[],params=[],headers=[],consumes=[],produces=[],custom=[]}" onto public java.lang.String com.gaoding.h5.controller.member.MemberApplySellerController.applySeller(javax.servlet.http.HttpServletRequest)
09:05:25,392 INFO [org.springframework.web.servlet.mvc.method.annotation.RequestMappingHandlerMapping] - Mapped "{[/store/collection],methods=[GET],params=[],headers=[],consumes=[],produces=[],custom=[]}" onto public java.lang.String com.gaoding.h5.controller.member.MemberCollectionController.collectionStoreList(javax.servlet.http.HttpServletRequest)
09:05:25,393 INFO [org.springframework.web.servlet.mvc.method.annotation.RequestMappingHandlerMapping] - Mapped "{[/fuwu/collection],methods=[GET],params=[],headers=[],consumes=[],produces=[],custom=[]}" onto public java.lang.String com.gaoding.h5.controller.member.MemberCollectionController.collectionFuwuList(javax.servlet.http.HttpServletRequest)
09:05:25,393 INFO [org.springframework.web.servlet.mvc.method.annotation.RequestMappingHandlerMapping] - Mapped "{[/member/me],methods=[GET],params=[],headers=[],consumes=[],produces=[],custom=[]}" onto public java.lang.String com.gaoding.h5.controller.member.MemberController.meView(javax.servlet.http.HttpServletRequest)
09:05:25,393 INFO [org.springframework.web.servlet.mvc.method.annotation.RequestMappingHandlerMapping] - Mapped "{[/member/profile],methods=[GET],params=[],headers=[],consumes=[],produces=[],custom=[]}" onto public java.lang.String com.gaoding.h5.controller.member.MemberProfileController.profile(javax.servlet.http.HttpServletRequest)
09:05:25,393 INFO [org.springframework.web.servlet.mvc.method.annotation.RequestMappingHandlerMapping] - Mapped "{[/member/save/profile],methods=[POST],params=[],headers=[],consumes=[],produces=[],custom=[]}" onto public java.lang.String com.gaoding.h5.controller.member.MemberProfileController.saveProfile(javax.servlet.http.HttpServletRequest)
09:05:25,394 INFO [org.springframework.web.servlet.mvc.method.annotation.RequestMappingHandlerMapping] - Mapped "{[/order/{orderNo}/generate],methods=[POST],params=[],headers=[],consumes=[],produces=[],custom=[]}" onto public java.lang.String com.gaoding.h5.controller.order.BuildOrderController.post(javax.servlet.http.HttpServletRequest,java.lang.String)
09:05:25,394 INFO [org.springframework.web.servlet.mvc.method.annotation.RequestMappingHandlerMapping] - Mapped "{[/order/fuwu/{fuwuId}/buy],methods=[GET],params=[],headers=[],consumes=[],produces=[],custom=[]}" onto public java.lang.String com.gaoding.h5.controller.order.BuildOrderController.fillInfoView(javax.servlet.http.HttpServletRequest,int)
09:05:25,394 INFO [org.springframework.web.servlet.mvc.method.annotation.RequestMappingHandlerMapping] - Mapped "{[/order/{orderNo}/info],methods=[POST],params=[],headers=[],consumes=[],produces=[],custom=[]}" onto public java.lang.String com.gaoding.h5.controller.order.BuildOrderController.postMemberInfo(javax.servlet.http.HttpServletRequest,java.lang.String)
09:05:25,395 INFO [org.springframework.web.servlet.mvc.method.annotation.RequestMappingHandlerMapping] - Mapped "{[/order/{orderNo}/demand],methods=[GET],params=[],headers=[],consumes=[],produces=[],custom=[]}" onto public java.lang.String com.gaoding.h5.controller.order.BuildOrderController.demandView(javax.servlet.http.HttpServletRequest,java.lang.String)
09:05:25,395 INFO [org.springframework.web.servlet.mvc.method.annotation.RequestMappingHandlerMapping] - Mapped "{[/order/{orderNo}/demand],methods=[POST],params=[],headers=[],consumes=[],produces=[],custom=[]}" onto public java.lang.String com.gaoding.h5.controller.order.BuildOrderController.postDemand(javax.servlet.http.HttpServletRequest,java.lang.String)
09:05:25,395 INFO [org.springframework.web.servlet.mvc.method.annotation.RequestMappingHandlerMapping] - Mapped "{[/order/{orderNo}/generate],methods=[GET],params=[],headers=[],consumes=[],produces=[],custom=[]}" onto public java.lang.String com.gaoding.h5.controller.order.BuildOrderController.buildOrderView(javax.servlet.http.HttpServletRequest,java.lang.String)
09:05:25,395 INFO [org.springframework.web.servlet.mvc.method.annotation.RequestMappingHandlerMapping] - Mapped "{[/order/{orderNo}/buyer/confirm],methods=[],params=[],headers=[],consumes=[],produces=[],custom=[]}" onto public java.lang.String com.gaoding.h5.controller.order.BuyerHandleOrderController.buyerConfirm(javax.servlet.http.HttpServletRequest,java.lang.String)
09:05:25,396 INFO [org.springframework.web.servlet.mvc.method.annotation.RequestMappingHandlerMapping] - Mapped "{[/order/{orderNo}/comment],methods=[POST],params=[],headers=[],consumes=[],produces=[],custom=[]}" onto public java.lang.String com.gaoding.h5.controller.order.OrderCommentController.comment(javax.servlet.http.HttpServletRequest,java.lang.String)
09:05:25,396 INFO [org.springframework.web.servlet.mvc.method.annotation.RequestMappingHandlerMapping] - Mapped "{[/order/{orderNo}/comment],methods=[GET],params=[],headers=[],consumes=[],produces=[],custom=[]}" onto public java.lang.String com.gaoding.h5.controller.order.OrderCommentController.commentView(javax.servlet.http.HttpServletRequest,java.lang.String)
09:05:25,396 INFO [org.springframework.web.servlet.mvc.method.annotation.RequestMappingHandlerMapping] - Mapped "{[/order/{orderNo}/detail],methods=[GET],params=[],headers=[],consumes=[],produces=[],custom=[]}" onto public java.lang.String com.gaoding.h5.controller.order.OrderDetailController.orderDetail(javax.servlet.http.HttpServletRequest,java.lang.String)
09:05:25,396 INFO [org.springframework.web.servlet.mvc.method.annotation.RequestMappingHandlerMapping] - Mapped "{[/order/list],methods=[],params=[],headers=[],consumes=[],produces=[],custom=[]}" onto public java.lang.String com.gaoding.h5.controller.order.OrderListController.list(javax.servlet.http.HttpServletRequest)
09:05:25,397 INFO [org.springframework.web.servlet.mvc.method.annotation.RequestMappingHandlerMapping] - Mapped "{[/order/buyer/list],methods=[],params=[],headers=[],consumes=[],produces=[],custom=[]}" onto public java.lang.String com.gaoding.h5.controller.order.OrderListController.buyerList(javax.servlet.http.HttpServletRequest)
09:05:25,397 INFO [org.springframework.web.servlet.mvc.method.annotation.RequestMappingHandlerMapping] - Mapped "{[/order/seller/list],methods=[],params=[],headers=[],consumes=[],produces=[],custom=[]}" onto public java.lang.String com.gaoding.h5.controller.order.OrderListController.sellerlist(javax.servlet.http.HttpServletRequest)
09:05:25,397 INFO [org.springframework.web.servlet.mvc.method.annotation.RequestMappingHandlerMapping] - Mapped "{[/order/weixinpay],methods=[GET],params=[],headers=[],consumes=[],produces=[],custom=[]}" onto public java.lang.String com.gaoding.h5.controller.order.OrderWeixinpayController.payView(javax.servlet.http.HttpServletRequest,java.lang.String)
09:05:25,398 INFO [org.springframework.web.servlet.mvc.method.annotation.RequestMappingHandlerMapping] - Mapped "{[/order/{orderNo}/seller/complete],methods=[],params=[],headers=[],consumes=[],produces=[],custom=[]}" onto public java.lang.String com.gaoding.h5.controller.order.SellerHandleOrderController.completeOrderPhase(javax.servlet.http.HttpServletRequest,java.lang.String)
09:05:25,398 INFO [org.springframework.web.servlet.mvc.method.annotation.RequestMappingHandlerMapping] - Mapped "{[/order/{orderNo}/change/price],methods=[POST],params=[],headers=[],consumes=[],produces=[],custom=[]}" onto public java.lang.String com.gaoding.h5.controller.order.SellerHandleOrderController.changePrice(javax.servlet.http.HttpServletRequest,java.lang.String)
09:05:25,398 INFO [org.springframework.web.servlet.mvc.method.annotation.RequestMappingHandlerMapping] - Mapped "{[/order/{orderNo}/seller/accept],methods=[],params=[],headers=[],consumes=[],produces=[],custom=[]}" onto public java.lang.String com.gaoding.h5.controller.order.SellerHandleOrderController.acceptOrder(javax.servlet.http.HttpServletRequest,java.lang.String)
09:05:25,398 INFO [org.springframework.web.servlet.mvc.method.annotation.RequestMappingHandlerMapping] - Mapped "{[/order/{orderNo}/seller/refuse],methods=[],params=[],headers=[],consumes=[],produces=[],custom=[]}" onto public java.lang.String com.gaoding.h5.controller.order.SellerHandleOrderController.refuseOrder(javax.servlet.http.HttpServletRequest,java.lang.String)
09:05:25,398 INFO [org.springframework.web.servlet.mvc.method.annotation.RequestMappingHandlerMapping] - Mapped "{[/seller/{sellerId}/ask],methods=[GET],params=[],headers=[],consumes=[],produces=[],custom=[]}" onto public java.lang.String com.gaoding.h5.controller.store.AskController.askView(javax.servlet.http.HttpServletRequest,int)
09:05:25,398 INFO [org.springframework.web.servlet.mvc.method.annotation.RequestMappingHandlerMapping] - Mapped "{[/seller/{sellerId}/ask],methods=[POST],params=[],headers=[],consumes=[],produces=[],custom=[]}" onto public java.lang.String com.gaoding.h5.controller.store.AskController.ask(javax.servlet.http.HttpServletRequest,int)
09:05:25,399 INFO [org.springframework.web.servlet.mvc.method.annotation.RequestMappingHandlerMapping] - Mapped "{[/store/case/{sellerCaseId}],methods=[],params=[],headers=[],consumes=[],produces=[],custom=[]}" onto public java.lang.String com.gaoding.h5.controller.store.SellerCaseController.detail(org.springframework.ui.ModelMap,int)
09:05:25,399 INFO [org.springframework.web.servlet.mvc.method.annotation.RequestMappingHandlerMapping] - Mapped "{[/store/{storeId}/collect],methods=[],params=[],headers=[],consumes=[],produces=[],custom=[]}" onto public java.lang.String com.gaoding.h5.controller.store.StoreController.collect(javax.servlet.http.HttpServletRequest,int)
09:05:25,399 INFO [org.springframework.web.servlet.mvc.method.annotation.RequestMappingHandlerMapping] - Mapped "{[/store/{storeId}],methods=[GET],params=[],headers=[],consumes=[],produces=[],custom=[]}" onto public java.lang.String com.gaoding.h5.controller.store.StoreController.storeView(javax.servlet.http.HttpServletRequest,int)
09:05:25,400 INFO [org.springframework.web.servlet.mvc.method.annotation.RequestMappingHandlerMapping] - Mapped "{[/weixin/index],methods=[GET],params=[],headers=[],consumes=[],produces=[],custom=[]}" onto public java.lang.String com.gaoding.h5.controller.weixin.WeixinController.handleIndexGetRequest(javax.servlet.http.HttpServletRequest)
09:05:25,400 INFO [org.springframework.web.servlet.mvc.method.annotation.RequestMappingHandlerMapping] - Mapped "{[/weixin/index],methods=[POST],params=[],headers=[],consumes=[],produces=[],custom=[]}" onto public java.lang.String com.gaoding.h5.controller.weixin.WeixinController.handleIndexPostRequest(javax.servlet.http.HttpServletRequest)
09:05:25,400 INFO [org.springframework.web.servlet.mvc.method.annotation.RequestMappingHandlerMapping] - Mapped "{[/weixin/pay/callback],methods=[],params=[],headers=[],consumes=[],produces=[],custom=[]}" onto public java.lang.String com.gaoding.h5.controller.weixin.WeixinPayCallbackController.payCallback(javax.servlet.http.HttpServletRequest,javax.servlet.http.HttpServletResponse)
09:05:25,706 INFO [org.springframework.web.servlet.mvc.method.annotation.RequestMappingHandlerAdapter] - Looking for @ControllerAdvice: WebApplicationContext for namespace 'spring-servlet': startup date [Fri Dec 04 09:05:25 CST 2015]; parent: Root WebApplicationContext
09:05:25,737 INFO [org.springframework.web.servlet.mvc.method.annotation.RequestMappingHandlerAdapter] - Looking for @ControllerAdvice: WebApplicationContext for namespace 'spring-servlet': startup date [Fri Dec 04 09:05:25 CST 2015]; parent: Root WebApplicationContext
09:05:25,764 INFO [org.springframework.web.servlet.mvc.method.annotation.ExceptionHandlerExceptionResolver] - Detected @ExceptionHandler methods in exceptionHandlerAdvice
09:05:25,824 INFO [com.gaoding.framework.conf.Config] - load properties config file [/server.properties].
09:05:25,873 INFO [org.springframework.web.servlet.view.velocity.VelocityConfigurer] - Loading Velocity config from [class path resource [velocity.properties]]
09:05:25,875 INFO [org.springframework.web.servlet.view.velocity.VelocityConfigurer] - ClasspathResourceLoader with name 'springMacro' added to configured VelocityEngine
09:05:25,953 INFO [org.springframework.web.servlet.DispatcherServlet] - FrameworkServlet 'spring': initialization completed in 851 ms
09:05:43,654 INFO [com.mchange.v2.c3p0.impl.AbstractPoolBackedDataSource] - Initializing c3p0 pool... com.mchange.v2.c3p0.ComboPooledDataSource [ acquireIncrement -> 2, acquireRetryAttempts -> 120, acquireRetryDelay -> 1000, autoCommitOnClose -> false, automaticTestTable -> null, breakAfterAcquireFailure -> false, checkoutTimeout -> 320000, connectionCustomizerClassName -> null, connectionTesterClassName -> com.mchange.v2.c3p0.impl.DefaultConnectionTester, dataSourceName -> 1hge16d9dtk0qk6i18477|15e0d2e, debugUnreturnedConnectionStackTraces -> false, description -> null, driverClass -> com.mysql.jdbc.Driver, factoryClassLocation -> null, forceIgnoreUnresolvedTransactions -> false, identityToken -> 1hge16d9dtk0qk6i18477|15e0d2e, idleConnectionTestPeriod -> 120, initialPoolSize -> 10, jdbcUrl -> jdbc:mysql://192.168.1.16:3310/gaoding_trade?jdbcCompliantTruncation=false, maxAdministrativeTaskTime -> 0, maxConnectionAge -> 0, maxIdleTime -> 600, maxIdleTimeExcessConnections -> 0, maxPoolSize -> 50, maxStatements -> 0, maxStatementsPerConnection -> 0, minPoolSize -> 10, numHelperThreads -> 3, preferredTestQuery -> null, properties -> {user=******, password=******}, propertyCycle -> 0, statementCacheNumDeferredCloseThreads -> 0, testConnectionOnCheckin -> false, testConnectionOnCheckout -> false, unreturnedConnectionTimeout -> 0, userOverrides -> {}, usesTraditionalReflectiveProxies -> false ]
09:05:43,902 INFO [com.mchange.v2.c3p0.impl.AbstractPoolBackedDataSource] - Initializing c3p0 pool... com.mchange.v2.c3p0.ComboPooledDataSource [ acquireIncrement -> 2, acquireRetryAttempts -> 120, acquireRetryDelay -> 1000, autoCommitOnClose -> false, automaticTestTable -> null, breakAfterAcquireFailure -> false, checkoutTimeout -> 320000, connectionCustomizerClassName -> null, connectionTesterClassName -> com.mchange.v2.c3p0.impl.DefaultConnectionTester, dataSourceName -> 1hge16d9dtk0qk6i18477|1116e78, debugUnreturnedConnectionStackTraces -> false, description -> null, driverClass -> com.mysql.jdbc.Driver, factoryClassLocation -> null, forceIgnoreUnresolvedTransactions -> false, identityToken -> 1hge16d9dtk0qk6i18477|1116e78, idleConnectionTestPeriod -> 120, initialPoolSize -> 10, jdbcUrl -> jdbc:mysql://192.168.1.16:3310/gaoding_member?jdbcCompliantTruncation=false, maxAdministrativeTaskTime -> 0, maxConnectionAge -> 0, maxIdleTime -> 600, maxIdleTimeExcessConnections -> 0, maxPoolSize -> 50, maxStatements -> 0, maxStatementsPerConnection -> 0, minPoolSize -> 10, numHelperThreads -> 3, preferredTestQuery -> null, properties -> {user=******, password=******}, propertyCycle -> 0, statementCacheNumDeferredCloseThreads -> 0, testConnectionOnCheckin -> false, testConnectionOnCheckout -> false, unreturnedConnectionTimeout -> 0, userOverrides -> {}, usesTraditionalReflectiveProxies -> false ]
09:05:44,517 WARN [org.springframework.web.servlet.PageNotFound] - No mapping found for HTTP request with URI [/favicon.ico] in DispatcherServlet with name 'spring'
09:05:44,527 WARN [org.springframework.web.servlet.PageNotFound] - No mapping found for HTTP request with URI [/pagenotfound.html] in DispatcherServlet with name 'spring'
14:58:06,982 WARN [org.springframework.web.servlet.PageNotFound] - No mapping found for HTTP request with URI [/seller/1/$seller.userface] in DispatcherServlet with name 'spring'
14:58:06,992 WARN [org.springframework.web.servlet.PageNotFound] - No mapping found for HTTP request with URI [/pagenotfound.html] in DispatcherServlet with name 'spring'
14:58:07,016 WARN [org.springframework.web.servlet.PageNotFound] - No mapping found for HTTP request with URI [/seller/1/$seller.userface] in DispatcherServlet with name 'spring'
14:58:07,017 WARN [org.springframework.web.servlet.PageNotFound] - No mapping found for HTTP request with URI [/pagenotfound.html] in DispatcherServlet with name 'spring'
14:58:08,474 WARN [org.springframework.web.servlet.PageNotFound] - No mapping found for HTTP request with URI [/seller/1/$seller.userface] in DispatcherServlet with name 'spring'
14:58:08,477 WARN [org.springframework.web.servlet.PageNotFound] - No mapping found for HTTP request with URI [/pagenotfound.html] in DispatcherServlet with name 'spring'
14:58:09,216 WARN [org.springframework.web.servlet.PageNotFound] - No mapping found for HTTP request with URI [/seller/1/$seller.userface] in DispatcherServlet with name 'spring'
14:58:09,217 WARN [org.springframework.web.servlet.PageNotFound] - No mapping found for HTTP request with URI [/pagenotfound.html] in DispatcherServlet with name 'spring'
14:58:09,950 WARN [org.springframework.web.servlet.PageNotFound] - No mapping found for HTTP request with URI [/seller/1/$seller.userface] in DispatcherServlet with name 'spring'
14:58:09,963 WARN [org.springframework.web.servlet.PageNotFound] - No mapping found for HTTP request with URI [/pagenotfound.html] in DispatcherServlet with name 'spring'
